04:39:49  auralmind  INFO  [master] preset=hi_fi_streaming  target=C:\Users\goku\Documents\SS-hangman-game\backend\data\jobs\d95d204db4ff4c969efa0c4141e9c442\input\target.wav  reference=C:\Users\goku\Documents\SS-hangman-game\backend\data\jobs\d95d204db4ff4c969efa0c4141e9c442\input\reference.mp3
04:39:52  auralmind  INFO  [master] audio loaded  sr=48000  dur=159.6s  (3.105s)
04:40:00  auralmind  INFO  [master] match-EQ + FIR convolution (auto)  (4.635s)
04:40:53  auralmind  INFO  [master] stereo enhancements  (3.414s)
04:41:01  auralmind  INFO  [master] microdetail recovery  (8.021s)
04:41:03  auralmind  INFO  [master] transient sculpt  enabled=False  (0.054s)
Traceback (most recent call last):
  File "C:\Users\goku\Documents\SS-hangman-game\auralmind_match_maestro_v7_3_expert1.py", line 2691, in <module>
    main()
    ~~~~^^
  File "C:\Users\goku\Documents\SS-hangman-game\auralmind_match_maestro_v7_3_expert1.py", line 2678, in main
    res = master(
        args.target,
    ...<6 lines>...
        dither_seed=int(args.dither_seed),
    )
  File "C:\Users\goku\Documents\SS-hangman-game\auralmind_match_maestro_v7_3_expert1.py", line 2380, in master
    cand_audio, cand_stats = _render_at(mid)
                             ~~~~~~~~~~^^^^^
  File "C:\Users\goku\Documents\SS-hangman-game\auralmind_match_maestro_v7_3_expert1.py", line 2356, in _render_at
    y_lim, lim_stats = peak_control_chain(y_norm, sr_t, preset)
                       ~~~~~~~~~~~~~~~~~~^^^^^^^^^^^^^^^^^^^^^^
  File "C:\Users\goku\Documents\SS-hangman-game\auralmind_match_maestro_v7_3_expert1.py", line 742, in peak_control_chain
    y2, st = true_peak_limiter_v2(
             ~~~~~~~~~~~~~~~~~~~~^
        y, sr,
        ^^^^^^
    ...<5 lines>...
        stereo_link=float(getattr(preset, "limiter_stereo_link", 0.92)),
        ^^^^^^^^^^^^^^^^^^^^^^^^^^^^^^^^^^^^^^^^^^^^^^^^^^^^^^^^^^^^^^^^
    )
    ^
  File "C:\Users\goku\Documents\SS-hangman-game\auralmind_match_maestro_v7_3_expert1.py", line 671, in true_peak_limiter_v2
    tp_lin = true_peak_estimate(y2, sr, oversample=oversample)
  File "C:\Users\goku\Documents\SS-hangman-game\auralmind_match_maestro_v7_3_expert1.py", line 455, in true_peak_estimate
    y_os = sps.resample_poly(y, up=oversample, down=1, axis=0)
  File "C:\Users\goku\Documents\SS-hangman-game\.venv\Lib\site-packages\scipy\signal\_signaltools.py", line 4073, in resample_poly
    y = upfirdn(h, x, up, down, axis=axis, **upfirdn_kwargs)
  File "C:\Users\goku\Documents\SS-hangman-game\.venv\Lib\site-packages\scipy\signal\_upfirdn.py", line 219, in upfirdn
    return xp.asarray(ufd.apply_filter(x, axis, mode, cval))
                      ~~~~~~~~~~~~~~~~^^^^^^^^^^^^^^^^^^^^^
  File "C:\Users\goku\Documents\SS-hangman-game\.venv\Lib\site-packages\scipy\signal\_upfirdn.py", line 102, in apply_filter
    _apply(np.asarray(x, self._output_type),
    ~~~~~~^^^^^^^^^^^^^^^^^^^^^^^^^^^^^^^^^^
           self._h_trans_flip, out,
           ^^^^^^^^^^^^^^^^^^^^^^^^
           self._up, self._down, axis, mode, cval)
           ^^^^^^^^^^^^^^^^^^^^^^^^^^^^^^^^^^^^^^^
KeyboardInterrupt
