Traceback (most recent call last):
  File "C:\Users\goku\Documents\SS-hangman-game\auralmind_match_maestro_v7_3_expert1.py", line 74, in <module>
    import scipy.signal as sps
  File "C:\Users\goku\Documents\SS-hangman-game\.venv\Lib\site-packages\scipy\signal\__init__.py", line 306, in <module>
    from ._support_alternative_backends import *
  File "C:\Users\goku\Documents\SS-hangman-game\.venv\Lib\site-packages\scipy\signal\_support_alternative_backends.py", line 3, in <module>
    from scipy._lib._array_api import (
  File "C:\Users\goku\Documents\SS-hangman-game\.venv\Lib\site-packages\scipy\_lib\_array_api.py", line 24, in <module>
    from scipy._lib.array_api_compat import (
  File "C:\Users\goku\Documents\SS-hangman-game\.venv\Lib\site-packages\scipy\_lib\array_api_compat\numpy\__init__.py", line 9, in <module>
    __all__ = clone_module("numpy", globals())
  File "C:\Users\goku\Documents\SS-hangman-game\.venv\Lib\site-packages\scipy\_lib\array_api_compat\_internal.py", line 64, in clone_module
    exec(f"from {mod.__name__} import *", objs)
  File "<string>", line 1, in <module>
  File "<frozen importlib._bootstrap>", line 1410, in _handle_fromlist
  File "<frozen importlib._bootstrap>", line 1412, in _handle_fromlist
  File "C:\Users\goku\Documents\SS-hangman-game\.venv\Lib\site-packages\numpy\__init__.py", line 752, in __getattr__
    import numpy.f2py as f2py
  File "C:\Users\goku\Documents\SS-hangman-game\.venv\Lib\site-packages\numpy\f2py\__init__.py", line 19, in <module>
    from . import diagnose, f2py2e
  File "C:\Users\goku\Documents\SS-hangman-game\.venv\Lib\site-packages\numpy\f2py\f2py2e.py", line 21, in <module>
    from . import (
  File "C:\Users\goku\Documents\SS-hangman-game\.venv\Lib\site-packages\numpy\f2py\capi_maps.py", line 24, in <module>
    from .crackfortran import markoutercomma
  File "C:\Users\goku\Documents\SS-hangman-game\.venv\Lib\site-packages\numpy\f2py\crackfortran.py", line 147, in <module>
    from pathlib import Path
  File "C:\Python313\Lib\pathlib\__init__.py", line 8, in <module>
    from ._abc import *
  File "<frozen importlib._bootstrap>", line 1360, in _find_and_load
  File "<frozen importlib._bootstrap>", line 1331, in _find_and_load_unlocked
  File "<frozen importlib._bootstrap>", line 935, in _load_unlocked
  File "<frozen importlib._bootstrap_external>", line 1023, in exec_module
  File "<frozen importlib._bootstrap_external>", line 1144, in get_code
  File "<frozen importlib._bootstrap_external>", line 731, in _validate_timestamp_pyc
KeyboardInterrupt
