00:58:11  auralmind  INFO  [master] preset=club  target=C:\Users\goku\Documents\SS-hangman-game\backend\data\jobs\78e9979b46154948a9ba2f246baa3b30\input\target.wav  reference=C:\Users\goku\Documents\SS-hangman-game\backend\data\jobs\78e9979b46154948a9ba2f246baa3b30\input\reference.mp3
00:58:14  auralmind  INFO  [master] audio loaded  sr=48000  dur=177.3s  (2.372s)
01:02:27  auralmind  INFO  [master] match-EQ + FIR convolution (auto)  (5.254s)
01:02:35  auralmind  INFO  [master] stereo enhancements  (3.410s)
01:02:44  auralmind  INFO  [master] microdetail recovery  (9.001s)
01:04:52  auralmind  INFO  [master] transient sculpt  enabled=False  (6.849s)
01:08:35  auralmind  INFO  [master] governor + limiter + write  LUFS=-16.6  TP=-1.00 dBFS  GR=-10.95 dB  (222.885s)
01:08:35  auralmind  INFO  [master] TOTAL runtime=623.62s  out=C:\Users\goku\Documents\SS-hangman-game\backend\data\jobs\78e9979b46154948a9ba2f246baa3b30\output\mastered.wav
{
  "preset": "club",
  "sr": 48000,
  "target_lufs_requested": -10.4,
  "governor_target_lufs": -12.2,
  "governor_steps": 11,
  "governor_gr_limit_db": -1.6,
  "lufs_pre": -18.733632249693844,
  "lufs_post": -16.63957249230634,
  "true_peak_dbfs": -1.0000002900129947,
  "limiter_mode": "v2",
  "limiter_min_gain_db": -10.950561870628512,
  "limiter_avg_gr_db": -3.2890466698293466,
  "sub_f0_hz": 86.7919921875,
  "mono_sub_cutoff_hz": 110.0,
  "mono_sub_mix": 0.55,
  "microdetail": {
    "enabled": 1.0,
    "corr": 0.6321069228622809,
    "guard": 1.0,
    "eff_amount": 0.22,
    "threshold_db": -34.0,
    "max_boost_db": 3.5,
    "mix": 0.65
  },
  "movement": {
    "enabled": true,
    "amount": 0.1
  },
  "hooklift": {
    "enabled": true,
    "mix": 0.22,
    "air_hz": 7200.0,
    "width_gain": 0.18,
    "air_gain": 0.14,
    "auto": true,
    "auto_percentile": 75.0
  },
  "stems": {
    "enabled": true,
    "model_name": "htdemucs",
    "device": "cpu",
    "split": true,
    "overlap": 0.25,
    "shifts": 1,
    "model_sr": 48000,
    "sr": 48000,
    "sources": [
      "drums",
      "bass",
      "other",
      "vocals"
    ]
  },
  "transient_sculpt": {
    "enabled": false,
    "crest_db": 19.29913457233497,
    "guard": 0.007311788088728899
  },
  "runtime_sec": 623.6196374893188,
  "out_path": "C:\\Users\\goku\\Documents\\SS-hangman-game\\backend\\data\\jobs\\78e9979b46154948a9ba2f246baa3b30\\output\\mastered.wav"
}
