04:23:59  auralmind  INFO  [master] preset=hi_fi_streaming  target=C:\Users\goku\Documents\SS-hangman-game\backend\data\jobs\3b0bbdad2e564489b3c93625404c6abd\input\target.wav  reference=None
04:24:00  auralmind  INFO  [master] audio loaded  sr=48000  dur=159.6s  (0.722s)
04:24:03  auralmind  INFO  [master] match-EQ + FIR convolution (auto)  (1.854s)
04:24:49  auralmind  INFO  [master] stereo enhancements  (3.508s)
04:24:56  auralmind  INFO  [master] microdetail recovery  (7.795s)
04:27:10  auralmind  INFO  [master] transient sculpt  enabled=False  (0.051s)
04:34:53  auralmind  INFO  [master] governor + limiter + write  LUFS=-19.4  TP=-1.00 dBFS  GR=-14.29 dB  (463.487s)
04:34:53  auralmind  INFO  [master] TOTAL runtime=654.67s  out=C:\Users\goku\Documents\SS-hangman-game\backend\data\jobs\3b0bbdad2e564489b3c93625404c6abd\output\mastered.wav
{
  "preset": "hi_fi_streaming",
  "sr": 48000,
  "target_lufs_requested": -11.0,
  "governor_target_lufs": -12.8,
  "governor_steps": 11,
  "governor_gr_limit_db": -1.0,
  "lufs_pre": -22.99888649746313,
  "lufs_post": -19.384544249580305,
  "true_peak_dbfs": -1.000000870903717,
  "limiter_mode": "v2",
  "limiter_min_gain_db": -14.285540077031534,
  "limiter_avg_gr_db": -4.164827760491745,
  "softclip_mix_effective": 0.1296,
  "sub_f0_hz": 109.68017578125,
  "mono_sub_cutoff_hz": 110.0,
  "mono_sub_mix": 0.5,
  "microdetail": {
    "enabled": 1.0,
    "corr": 0.9678926615363561,
    "guard": 1.0,
    "eff_amount": 0.18,
    "threshold_db": -35.0,
    "max_boost_db": 3.0,
    "mix": 0.55
  },
  "movement": {
    "enabled": true,
    "amount": 0.1
  },
  "hooklift": {
    "enabled": true,
    "mix": 0.23,
    "air_hz": 7200.0,
    "width_gain": 0.18,
    "air_gain": 0.14,
    "auto": true,
    "auto_percentile": 75.0
  },
  "stems": {
    "enabled": false
  },
  "transient_sculpt": {
    "enabled": false
  },
  "runtime_sec": 654.6664779186249,
  "out_path": "C:\\Users\\goku\\Documents\\SS-hangman-game\\backend\\data\\jobs\\3b0bbdad2e564489b3c93625404c6abd\\output\\mastered.wav"
}
