04:39:54  auralmind  INFO  [master] preset=cinematic  target=C:\Users\goku\Documents\SS-hangman-game\backend\data\jobs\ebe69a5bbf8d4828a9a3bc4857a65af6\input\target.wav  reference=None
04:39:55  auralmind  INFO  [master] audio loaded  sr=48000  dur=159.6s  (1.464s)
04:40:01  auralmind  INFO  [master] match-EQ + FIR convolution (auto)  (3.270s)
04:40:54  auralmind  INFO  [master] stereo enhancements  (3.349s)
04:41:02  auralmind  INFO  [master] microdetail recovery  (7.585s)
04:43:28  auralmind  INFO  [master] transient sculpt  enabled=False  (7.417s)
Traceback (most recent call last):
  File "C:\Users\goku\Documents\SS-hangman-game\auralmind_match_maestro_v7_3_expert1.py", line 2691, in <module>
    main()
    ~~~~^^
  File "C:\Users\goku\Documents\SS-hangman-game\auralmind_match_maestro_v7_3_expert1.py", line 2678, in main
    res = master(
        args.target,
    ...<6 lines>...
        dither_seed=int(args.dither_seed),
    )
  File "C:\Users\goku\Documents\SS-hangman-game\auralmind_match_maestro_v7_3_expert1.py", line 2380, in master
    cand_audio, cand_stats = _render_at(mid)
                             ~~~~~~~~~~^^^^^
  File "C:\Users\goku\Documents\SS-hangman-game\auralmind_match_maestro_v7_3_expert1.py", line 2356, in _render_at
    y_lim, lim_stats = peak_control_chain(y_norm, sr_t, preset)
                       ~~~~~~~~~~~~~~~~~~^^^^^^^^^^^^^^^^^^^^^^
  File "C:\Users\goku\Documents\SS-hangman-game\auralmind_match_maestro_v7_3_expert1.py", line 715, in peak_control_chain
    y = softclip_oversampled(
        y, sr,
    ...<4 lines>...
        oversample=int(preset.limiter_oversample),
    )
  File "C:\Users\goku\Documents\SS-hangman-game\auralmind_match_maestro_v7_3_expert1.py", line 536, in softclip_oversampled
    up = sps.resample_poly(y, oversample, 1, axis=0).astype(np.float32)
         ~~~~~~~~~~~~~~~~~^^^^^^^^^^^^^^^^^^^^^^^^^^
  File "C:\Users\goku\Documents\SS-hangman-game\.venv\Lib\site-packages\scipy\signal\_signaltools.py", line 4073, in resample_poly
    y = upfirdn(h, x, up, down, axis=axis, **upfirdn_kwargs)
  File "C:\Users\goku\Documents\SS-hangman-game\.venv\Lib\site-packages\scipy\signal\_upfirdn.py", line 219, in upfirdn
    return xp.asarray(ufd.apply_filter(x, axis, mode, cval))
                      ~~~~~~~~~~~~~~~~^^^^^^^^^^^^^^^^^^^^^
  File "C:\Users\goku\Documents\SS-hangman-game\.venv\Lib\site-packages\scipy\signal\_upfirdn.py", line 102, in apply_filter
    _apply(np.asarray(x, self._output_type),
    ~~~~~~^^^^^^^^^^^^^^^^^^^^^^^^^^^^^^^^^^
           self._h_trans_flip, out,
           ^^^^^^^^^^^^^^^^^^^^^^^^
           self._up, self._down, axis, mode, cval)
           ^^^^^^^^^^^^^^^^^^^^^^^^^^^^^^^^^^^^^^^
KeyboardInterrupt
