23:05:11  auralmind  INFO  [master] preset=radio_loud  target=C:\Users\goku\Documents\SS-hangman-game\backend\data\jobs\27e5596294e446aba036c26e61b232d9\input\target.wav  reference=C:\Users\goku\Documents\SS-hangman-game\backend\data\jobs\27e5596294e446aba036c26e61b232d9\input\reference.mp3
23:05:13  auralmind  INFO  [master] audio loaded  sr=48000  dur=142.5s  (1.991s)
23:08:42  auralmind  INFO  [master] match-EQ + FIR convolution (auto)  (4.878s)
23:08:48  auralmind  INFO  [master] stereo enhancements  (2.760s)
23:08:55  auralmind  INFO  [master] microdetail recovery  (6.520s)
23:10:46  auralmind  INFO  [master] transient sculpt  enabled=True  (9.010s)
23:14:17  auralmind  INFO  [master] governor + limiter + write  LUFS=-15.6  TP=-1.00 dBFS  GR=-8.72 dB  (211.505s)
23:14:17  auralmind  INFO  [master] TOTAL runtime=545.77s  out=C:\Users\goku\Documents\SS-hangman-game\backend\data\jobs\27e5596294e446aba036c26e61b232d9\output\mastered.wav
{
  "preset": "radio_loud",
  "sr": 48000,
  "target_lufs_requested": -11.0,
  "governor_target_lufs": -12.8,
  "governor_steps": 11,
  "governor_gr_limit_db": -1.3,
  "lufs_pre": -21.12171979012277,
  "lufs_post": -15.6491081689771,
  "true_peak_dbfs": -1.000000870903717,
  "limiter_mode": "v2",
  "limiter_min_gain_db": -8.721510943247061,
  "limiter_avg_gr_db": -2.163504842379405,
  "sub_f0_hz": 101.806640625,
  "mono_sub_cutoff_hz": 110.0,
  "mono_sub_mix": 0.52,
  "microdetail": {
    "enabled": 1.0,
    "corr": 0.9215801700256016,
    "guard": 1.0,
    "eff_amount": 0.2,
    "threshold_db": -34.0,
    "max_boost_db": 3.2,
    "mix": 0.6
  },
  "movement": {
    "enabled": true,
    "amount": 0.1
  },
  "hooklift": {
    "enabled": true,
    "mix": 0.2,
    "air_hz": 7200.0,
    "width_gain": 0.18,
    "air_gain": 0.14,
    "auto": true,
    "auto_percentile": 75.0
  },
  "stems": {
    "enabled": true,
    "model_name": "htdemucs",
    "device": "cpu",
    "split": true,
    "overlap": 0.25,
    "shifts": 1,
    "model_sr": 48000,
    "sr": 48000,
    "sources": [
      "drums",
      "bass",
      "other",
      "vocals"
    ]
  },
  "transient_sculpt": {
    "enabled": true,
    "boost_db": 2.1283739245629505,
    "mix": 0.34,
    "crest_db": 15.932586008293809,
    "guard": 0.9674426929831592,
    "max_transient_gain_db": 2.128373861312866
  },
  "runtime_sec": 545.7743763923645,
  "out_path": "C:\\Users\\goku\\Documents\\SS-hangman-game\\backend\\data\\jobs\\27e5596294e446aba036c26e61b232d9\\output\\mastered.wav"
}
