22:55:02  auralmind  INFO  [master] preset=cinematic  target=C:\Users\goku\Documents\SS-hangman-game\backend\data\jobs\9a2e08a46c9a4f699d6fb8f77e59872a\input\target.wav  reference=C:\Users\goku\Documents\SS-hangman-game\backend\data\jobs\9a2e08a46c9a4f699d6fb8f77e59872a\input\reference.mp3
22:55:05  auralmind  INFO  [master] audio loaded  sr=48000  dur=185.0s  (2.359s)
22:55:11  auralmind  INFO  [master] match-EQ + FIR convolution (auto)  (5.027s)
22:55:19  auralmind  INFO  [master] stereo enhancements  (3.434s)
22:55:27  auralmind  INFO  [master] microdetail recovery  (7.897s)
22:57:36  auralmind  INFO  [master] transient sculpt  enabled=True  (10.564s)
23:05:04  auralmind  INFO  [master] governor + limiter + write  LUFS=-16.9  TP=-1.00 dBFS  GR=-1.81 dB  (448.442s)
23:05:04  auralmind  INFO  [master] TOTAL runtime=601.89s  out=C:\Users\goku\Documents\SS-hangman-game\backend\data\jobs\9a2e08a46c9a4f699d6fb8f77e59872a\output\mastered.wav
{
  "preset": "cinematic",
  "sr": 48000,
  "target_lufs_requested": -14.5,
  "governor_target_lufs": -16.3,
  "governor_steps": 11,
  "governor_gr_limit_db": -0.8,
  "lufs_pre": -20.13009281352897,
  "lufs_post": -16.856990482269435,
  "true_peak_dbfs": -0.9999997091223114,
  "limiter_mode": "v2",
  "limiter_min_gain_db": -1.8117422578304483,
  "limiter_avg_gr_db": -0.5530281601786506,
  "sub_f0_hz": 95.76416015625,
  "mono_sub_cutoff_hz": 110.0,
  "mono_sub_mix": 0.48,
  "microdetail": {
    "enabled": 1.0,
    "corr": 1.0,
    "guard": 1.0,
    "eff_amount": 0.16,
    "threshold_db": -36.0,
    "max_boost_db": 2.5,
    "mix": 0.5
  },
  "movement": {
    "enabled": true,
    "amount": 0.1
  },
  "hooklift": {
    "enabled": true,
    "mix": 0.14,
    "air_hz": 7200.0,
    "width_gain": 0.18,
    "air_gain": 0.14,
    "auto": true,
    "auto_percentile": 75.0
  },
  "stems": {
    "enabled": false
  },
  "transient_sculpt": {
    "enabled": true,
    "boost_db": 1.6,
    "mix": 0.26,
    "crest_db": 15.156068157163048,
    "guard": 1.0,
    "max_transient_gain_db": 1.600000023841858
  },
  "runtime_sec": 601.8869531154633,
  "out_path": "C:\\Users\\goku\\Documents\\SS-hangman-game\\backend\\data\\jobs\\9a2e08a46c9a4f699d6fb8f77e59872a\\output\\mastered.wav"
}
