Traceback (most recent call last):
  File "C:\Users\goku\Documents\SS-hangman-game\auralmind_match_maestro_v7_3_expert1.py", line 25, in <module>
    import scipy.signal as sps
  File "C:\Users\goku\Documents\SS-hangman-game\venv\Lib\site-packages\scipy\signal\__init__.py", line 306, in <module>
    from ._support_alternative_backends import *
  File "C:\Users\goku\Documents\SS-hangman-game\venv\Lib\site-packages\scipy\signal\_support_alternative_backends.py", line 7, in <module>
    from ._signal_api import *   # noqa: F403
    ^^^^^^^^^^^^^^^^^^^^^^^^^^
  File "C:\Users\goku\Documents\SS-hangman-game\venv\Lib\site-packages\scipy\signal\_signal_api.py", line 25, in <module>
    from ._peak_finding import *         # noqa: F403
    ^^^^^^^^^^^^^^^^^^^^^^^^^^^^
  File "C:\Users\goku\Documents\SS-hangman-game\venv\Lib\site-packages\scipy\signal\_peak_finding.py", line 8, in <module>
    from scipy.stats import scoreatpercentile
  File "C:\Users\goku\Documents\SS-hangman-game\venv\Lib\site-packages\scipy\stats\__init__.py", line 628, in <module>
    from ._stats_py import *
  File "C:\Users\goku\Documents\SS-hangman-game\venv\Lib\site-packages\scipy\stats\_stats_py.py", line 233, in <module>
    @xp_capabilities(jax_jit=False, allow_dask_compute=1)
     ~~~~~~~~~~~~~~~^^^^^^^^^^^^^^^^^^^^^^^^^^^^^^^^^^^^^
  File "C:\Users\goku\Documents\SS-hangman-game\venv\Lib\site-packages\scipy\_lib\_array_api.py", line 845, in decorator
    doc = FunctionDoc(f)
  File "C:\Users\goku\Documents\SS-hangman-game\venv\Lib\site-packages\scipy\_lib\_docscrape.py", line 589, in __init__
    NumpyDocString.__init__(self, doc, config)
    ~~~~~~~~~~~~~~~~~~~~~~~^^^^^^^^^^^^^^^^^^^
  File "C:\Users\goku\Documents\SS-hangman-game\venv\Lib\site-packages\scipy\_lib\_docscrape.py", line 148, in __init__
    self._parse()
    ~~~~~~~~~~~^^
  File "C:\Users\goku\Documents\SS-hangman-game\venv\Lib\site-packages\scipy\_lib\_docscrape.py", line 414, in _parse
    self[section] = self._parse_param_list(
                    ~~~~~~~~~~~~~~~~~~~~~~^
        content, single_element_is_type=True
        ^^^^^^^^^^^^^^^^^^^^^^^^^^^^^^^^^^^^
    )
    ^
  File "C:\Users\goku\Documents\SS-hangman-game\venv\Lib\site-packages\scipy\_lib\_docscrape.py", line 225, in _parse_param_list
    content = dedent_lines(content)
  File "C:\Users\goku\Documents\SS-hangman-game\venv\Lib\site-packages\scipy\_lib\_docscrape.py", line 575, in dedent_lines
    return textwrap.dedent("\n".join(lines)).split("\n")
           ~~~~~~~~~~~~~~~^^^^^^^^^^^^^^^^^^
  File "C:\Python313\Lib\textwrap.py", line 435, in dedent
    text = _whitespace_only_re.sub('', text)
KeyboardInterrupt
