2026-02-17 19:37:27,935 INFO auralmind: [master] preset=cinematic  target=C:\Users\goku\Documents\SS-hangman-game\backend\data\jobs\db39633cb3a44719abfc4712ef474830\input\target.wav  reference=C:\Users\goku\Documents\SS-hangman-game\backend\data\jobs\db39633cb3a44719abfc4712ef474830\input\reference.mp3
2026-02-17 19:37:34,137 INFO auralmind: [master] audio loaded sr=48000 dur=245.1s
Traceback (most recent call last):
  File "C:\Users\goku\Documents\SS-hangman-game\auralmind_match_maestro_v7_3_expert1.py", line 2806, in <module>
  File "C:\Users\goku\Documents\SS-hangman-game\auralmind_match_maestro_v7_3_expert1.py", line 2779, in main
  File "C:\Users\goku\Documents\SS-hangman-game\auralmind_match_maestro_v7_3_expert1.py", line 2416, in master
  File "C:\Users\goku\Documents\SS-hangman-game\auralmind_match_maestro_v7_3_expert1.py", line 2018, in demucs_separate_stems
  File "C:\Users\goku\Documents\SS-hangman-game\venv\Lib\site-packages\demucs\apply.py", line 189, in apply_model
    out = apply_model(sub_model, mix, **kwargs)
  File "C:\Users\goku\Documents\SS-hangman-game\venv\Lib\site-packages\demucs\apply.py", line 216, in apply_model
    shifted_out = apply_model(model, shifted, **kwargs)
  File "C:\Users\goku\Documents\SS-hangman-game\venv\Lib\site-packages\demucs\apply.py", line 250, in apply_model
    chunk_out = future.result()
  File "C:\Users\goku\Documents\SS-hangman-game\venv\Lib\site-packages\demucs\utils.py", line 129, in result
    return self.func(*self.args, **self.kwargs)
           ~~~~~~~~~^^^^^^^^^^^^^^^^^^^^^^^^^^^
  File "C:\Users\goku\Documents\SS-hangman-game\venv\Lib\site-packages\demucs\apply.py", line 271, in apply_model
    out = model(padded_mix)
  File "C:\Users\goku\Documents\SS-hangman-game\venv\Lib\site-packages\torch\nn\modules\module.py", line 1776, in _wrapped_call_impl
    return self._call_impl(*args, **kwargs)
           ~~~~~~~~~~~~~~~^^^^^^^^^^^^^^^^^
  File "C:\Users\goku\Documents\SS-hangman-game\venv\Lib\site-packages\torch\nn\modules\module.py", line 1787, in _call_impl
    return forward_call(*args, **kwargs)
  File "C:\Users\goku\Documents\SS-hangman-game\venv\Lib\site-packages\demucs\htdemucs.py", line 593, in forward
    x, xt = self.crosstransformer(x, xt)
            ~~~~~~~~~~~~~~~~~~~~~^^^^^^^
  File "C:\Users\goku\Documents\SS-hangman-game\venv\Lib\site-packages\torch\nn\modules\module.py", line 1776, in _wrapped_call_impl
    return self._call_impl(*args, **kwargs)
           ~~~~~~~~~~~~~~~^^^^^^^^^^^^^^^^^
  File "C:\Users\goku\Documents\SS-hangman-game\venv\Lib\site-packages\torch\nn\modules\module.py", line 1787, in _call_impl
    return forward_call(*args, **kwargs)
  File "C:\Users\goku\Documents\SS-hangman-game\venv\Lib\site-packages\demucs\transformer.py", line 668, in forward
    xt = self.layers_t[idx](xt)
  File "C:\Users\goku\Documents\SS-hangman-game\venv\Lib\site-packages\torch\nn\modules\module.py", line 1776, in _wrapped_call_impl
    return self._call_impl(*args, **kwargs)
           ~~~~~~~~~~~~~~~^^^^^^^^^^^^^^^^^
  File "C:\Users\goku\Documents\SS-hangman-game\venv\Lib\site-packages\torch\nn\modules\module.py", line 1787, in _call_impl
    return forward_call(*args, **kwargs)
  File "C:\Users\goku\Documents\SS-hangman-game\venv\Lib\site-packages\demucs\transformer.py", line 365, in forward
    self._sa_block(self.norm1(x), src_mask, src_key_padding_mask)
    ~~~~~~~~~~~~~~^^^^^^^^^^^^^^^^^^^^^^^^^^^^^^^^^^^^^^^^^^^^^^^
  File "C:\Users\goku\Documents\SS-hangman-game\venv\Lib\site-packages\torch\nn\modules\transformer.py", line 968, in _sa_block
    x = self.self_attn(
        ~~~~~~~~~~~~~~^
        x,
        ^^
    ...<5 lines>...
        is_causal=is_causal,
        ^^^^^^^^^^^^^^^^^^^^
    )[0]
    ^
  File "C:\Users\goku\Documents\SS-hangman-game\venv\Lib\site-packages\torch\nn\modules\module.py", line 1776, in _wrapped_call_impl
    return self._call_impl(*args, **kwargs)
           ~~~~~~~~~~~~~~~^^^^^^^^^^^^^^^^^
  File "C:\Users\goku\Documents\SS-hangman-game\venv\Lib\site-packages\torch\nn\modules\module.py", line 1787, in _call_impl
    return forward_call(*args, **kwargs)
  File "C:\Users\goku\Documents\SS-hangman-game\venv\Lib\site-packages\torch\nn\modules\activation.py", line 1431, in forward
    return torch._native_multi_head_attention(
           ~~~~~~~~~~~~~~~~~~~~~~~~~~~~~~~~~~^
        query,
        ^^^^^^
    ...<11 lines>...
        mask_type,
        ^^^^^^^^^^
    )
    ^
KeyboardInterrupt
