04:50:34  auralmind  INFO  [master] preset=hi_fi_streaming  target=C:\Users\goku\Documents\SS-hangman-game\backend\data\jobs\f840ec2f86a24d4082fa421f362b4cb1\input\target.wav  reference=None
04:50:35  auralmind  INFO  [master] audio loaded  sr=48000  dur=159.6s  (1.092s)
04:50:40  auralmind  INFO  [master] match-EQ + FIR convolution (auto)  (2.506s)
04:51:26  auralmind  INFO  [master] stereo enhancements  (3.406s)
04:51:33  auralmind  INFO  [master] microdetail recovery  (6.802s)
Traceback (most recent call last):
  File "C:\Users\goku\Documents\SS-hangman-game\auralmind_match_maestro_v7_3_expert1.py", line 2691, in <module>
    main()
    ~~~~^^
  File "C:\Users\goku\Documents\SS-hangman-game\auralmind_match_maestro_v7_3_expert1.py", line 2678, in main
    res = master(
        args.target,
    ...<6 lines>...
        dither_seed=int(args.dither_seed),
    )
  File "C:\Users\goku\Documents\SS-hangman-game\auralmind_match_maestro_v7_3_expert1.py", line 2326, in master
    mask = build_section_lift_mask(
        y, sr_t,
        percentile=float(preset.hooklift_auto_percentile),
    )
  File "C:\Users\goku\Documents\SS-hangman-game\auralmind_match_maestro_v7_3_expert1.py", line 1640, in build_section_lift_mask
    rms_env = np.sqrt(np.convolve(m * m, kernel, mode="same") + 1e-12).astype(np.float32)
                      ~~~~~~~~~~~^^^^^^^^^^^^^^^^^^^^^^^^^^^^
  File "C:\Users\goku\Documents\SS-hangman-game\.venv\Lib\site-packages\numpy\_core\numeric.py", line 902, in convolve
    return multiarray.correlate(a, v[::-1], mode)
           ~~~~~~~~~~~~~~~~~~~~^^^^^^^^^^^^^^^^^^
KeyboardInterrupt
