23:51:14  auralmind  INFO  [master] preset=cinematic  target=C:\Users\goku\Documents\SS-hangman-game\backend\data\jobs\7ce9527061c840bd88c5f4e0db54b7fd\input\target.wav  reference=C:\Users\goku\Documents\SS-hangman-game\backend\data\jobs\7ce9527061c840bd88c5f4e0db54b7fd\input\reference.mp3
23:51:17  auralmind  INFO  [master] audio loaded  sr=48000  dur=217.4s  (2.895s)
23:51:27  auralmind  INFO  [master] match-EQ + FIR convolution (auto)  (7.621s)
23:51:39  auralmind  INFO  [master] stereo enhancements  (5.919s)
23:51:52  auralmind  INFO  [master] microdetail recovery  (13.308s)
23:54:56  auralmind  INFO  [master] transient sculpt  enabled=True  (15.781s)
00:06:57  auralmind  INFO  [master] governor + limiter + write  LUFS=-18.5  TP=-1.00 dBFS  GR=-6.62 dB  (720.740s)
00:06:57  auralmind  INFO  [master] TOTAL runtime=943.37s  out=C:\Users\goku\Documents\SS-hangman-game\backend\data\jobs\7ce9527061c840bd88c5f4e0db54b7fd\output\mastered.wav
{
  "preset": "cinematic",
  "sr": 48000,
  "target_lufs_requested": -14.5,
  "governor_target_lufs": -16.3,
  "governor_steps": 11,
  "governor_gr_limit_db": -0.8,
  "lufs_pre": -17.55716766625023,
  "lufs_post": -18.518555063974475,
  "true_peak_dbfs": -1.000000870903717,
  "limiter_mode": "v2",
  "limiter_min_gain_db": -6.6247631653366525,
  "limiter_avg_gr_db": -1.7750160159776318,
  "sub_f0_hz": 87.5244140625,
  "mono_sub_cutoff_hz": 110.0,
  "mono_sub_mix": 0.48,
  "microdetail": {
    "enabled": 1.0,
    "corr": 0.8510188260077775,
    "guard": 1.0,
    "eff_amount": 0.16,
    "threshold_db": -36.0,
    "max_boost_db": 2.5,
    "mix": 0.5
  },
  "movement": {
    "enabled": true,
    "amount": 0.1
  },
  "hooklift": {
    "enabled": true,
    "mix": 0.14,
    "air_hz": 7200.0,
    "width_gain": 0.18,
    "air_gain": 0.14,
    "auto": true,
    "auto_percentile": 75.0
  },
  "stems": {
    "enabled": false
  },
  "transient_sculpt": {
    "enabled": true,
    "boost_db": 0.6591839296372911,
    "mix": 0.26,
    "crest_db": 17.73578582581538,
    "guard": 0.4119899560233069,
    "max_transient_gain_db": 0.659183919429779
  },
  "runtime_sec": 943.3764412403107,
  "out_path": "C:\\Users\\goku\\Documents\\SS-hangman-game\\backend\\data\\jobs\\7ce9527061c840bd88c5f4e0db54b7fd\\output\\mastered.wav"
}
