00:54:26  auralmind  INFO  [master] preset=cinematic  target=C:\Users\goku\Documents\SS-hangman-game\backend\data\jobs\a329d89c24094a7a93bab2aaba8726e6\input\target.wav  reference=C:\Users\goku\Documents\SS-hangman-game\backend\data\jobs\a329d89c24094a7a93bab2aaba8726e6\input\reference.mp3
00:54:28  auralmind  INFO  [master] audio loaded  sr=48000  dur=177.3s  (2.139s)
00:54:34  auralmind  INFO  [master] match-EQ + FIR convolution (auto)  (4.542s)
00:54:40  auralmind  INFO  [master] stereo enhancements  (2.846s)
00:54:48  auralmind  INFO  [master] microdetail recovery  (7.215s)
00:56:39  auralmind  INFO  [master] transient sculpt  enabled=True  (9.819s)
01:05:06  auralmind  INFO  [master] governor + limiter + write  LUFS=-18.3  TP=-1.00 dBFS  GR=-6.55 dB  (506.821s)
01:05:06  auralmind  INFO  [master] TOTAL runtime=640.01s  out=C:\Users\goku\Documents\SS-hangman-game\backend\data\jobs\a329d89c24094a7a93bab2aaba8726e6\output\mastered.wav
{
  "preset": "cinematic",
  "sr": 48000,
  "target_lufs_requested": -14.5,
  "governor_target_lufs": -16.3,
  "governor_steps": 11,
  "governor_gr_limit_db": -0.8,
  "lufs_pre": -18.670886686863216,
  "lufs_post": -18.31556855354376,
  "true_peak_dbfs": -0.9999997091223114,
  "limiter_mode": "v2",
  "limiter_min_gain_db": -6.551201198336112,
  "limiter_avg_gr_db": -1.7744996913396096,
  "sub_f0_hz": 86.7919921875,
  "mono_sub_cutoff_hz": 110.0,
  "mono_sub_mix": 0.48,
  "microdetail": {
    "enabled": 1.0,
    "corr": 0.6460014095209909,
    "guard": 1.0,
    "eff_amount": 0.16,
    "threshold_db": -36.0,
    "max_boost_db": 2.5,
    "mix": 0.5
  },
  "movement": {
    "enabled": true,
    "amount": 0.1
  },
  "hooklift": {
    "enabled": true,
    "mix": 0.14,
    "air_hz": 7200.0,
    "width_gain": 0.18,
    "air_gain": 0.14,
    "auto": true,
    "auto_percentile": 75.0
  },
  "stems": {
    "enabled": false
  },
  "transient_sculpt": {
    "enabled": true,
    "boost_db": 0.14280241708093425,
    "mix": 0.26,
    "crest_db": 18.76336740168509,
    "guard": 0.0892515106755839,
    "max_transient_gain_db": 0.1428024172782898
  },
  "runtime_sec": 640.0141024589539,
  "out_path": "C:\\Users\\goku\\Documents\\SS-hangman-game\\backend\\data\\jobs\\a329d89c24094a7a93bab2aaba8726e6\\output\\mastered.wav"
}
