18:41:13  auralmind  INFO  [master] preset=radio_loud  target=C:\Users\goku\Documents\SS-hangman-game\backend\data\jobs\ad5357d6a41849cf92fd2d6ef717220c\input\target.wav  reference=C:\Users\goku\Documents\SS-hangman-game\backend\data\jobs\ad5357d6a41849cf92fd2d6ef717220c\input\reference.mp3
18:41:17  auralmind  INFO  [master] audio loaded  sr=48000  dur=217.4s  (4.060s)
18:47:09  auralmind  INFO  [master] match-EQ + FIR convolution (auto)  (14.920s)
18:47:18  auralmind  INFO  [master] stereo enhancements  (3.956s)
18:47:28  auralmind  INFO  [master] microdetail recovery  (9.673s)
18:50:23  auralmind  INFO  [master] transient sculpt  enabled=True  (17.297s)
18:57:15  auralmind  INFO  [master] governor + limiter + write  LUFS=-16.5  TP=-1.00 dBFS  GR=-11.10 dB  (411.806s)
18:57:15  auralmind  INFO  [master] TOTAL runtime=962.20s  out=C:\Users\goku\Documents\SS-hangman-game\backend\data\jobs\ad5357d6a41849cf92fd2d6ef717220c\output\mastered.wav
{
  "preset": "radio_loud",
  "sr": 48000,
  "target_lufs_requested": -11.0,
  "governor_target_lufs": -12.8,
  "governor_steps": 11,
  "governor_gr_limit_db": -1.3,
  "lufs_pre": -18.452261047806203,
  "lufs_post": -16.52513141371867,
  "true_peak_dbfs": -1.0000002900129947,
  "limiter_mode": "v2",
  "limiter_min_gain_db": -11.100964770003731,
  "limiter_avg_gr_db": -2.206176531331962,
  "sub_f0_hz": 86.24267578125,
  "mono_sub_cutoff_hz": 110.0,
  "mono_sub_mix": 0.52,
  "microdetail": {
    "enabled": 1.0,
    "corr": 0.85176228916186,
    "guard": 1.0,
    "eff_amount": 0.2,
    "threshold_db": -34.0,
    "max_boost_db": 3.2,
    "mix": 0.6
  },
  "movement": {
    "enabled": true,
    "amount": 0.1
  },
  "hooklift": {
    "enabled": true,
    "mix": 0.28,
    "air_hz": 7200.0,
    "width_gain": 0.18,
    "air_gain": 0.14,
    "auto": true,
    "auto_percentile": 75.0
  },
  "stems": {
    "enabled": true,
    "model_name": "htdemucs",
    "device": "cpu",
    "split": true,
    "overlap": 0.25,
    "shifts": 1,
    "model_sr": 48000,
    "sr": 48000,
    "sources": [
      "drums",
      "bass",
      "other",
      "vocals"
    ]
  },
  "transient_sculpt": {
    "enabled": true,
    "boost_db": 0.05000989074112942,
    "mix": 0.34,
    "crest_db": 19.1490449393351,
    "guard": 0.021743430757012794,
    "max_transient_gain_db": 0.050009891390800476
  },
  "runtime_sec": 962.1980526447296,
  "out_path": "C:\\Users\\goku\\Documents\\SS-hangman-game\\backend\\data\\jobs\\ad5357d6a41849cf92fd2d6ef717220c\\output\\mastered.wav"
}
