05:32:22  auralmind  INFO  [master] preset=club  target=C:\Users\goku\Documents\SS-hangman-game\backend\data\jobs\537a31e5911e4323a6c22af6364b7caf\input\target.wav  reference=C:\Users\goku\Documents\SS-hangman-game\backend\data\jobs\537a31e5911e4323a6c22af6364b7caf\input\reference.mp3
05:32:24  auralmind  INFO  [master] audio loaded  sr=48000  dur=159.6s  (2.410s)
05:37:01  auralmind  INFO  [master] match-EQ + FIR convolution (auto)  (3.914s)
05:37:57  auralmind  INFO  [master] stereo enhancements  (3.778s)
05:38:06  auralmind  INFO  [master] microdetail recovery  (8.810s)
05:40:28  auralmind  INFO  [master] transient sculpt  enabled=False  (6.217s)
05:44:37  auralmind  INFO  [master] governor + limiter + write  LUFS=-19.3  TP=-1.00 dBFS  GR=-15.00 dB  (248.892s)
05:44:37  auralmind  INFO  [master] TOTAL runtime=735.20s  out=C:\Users\goku\Documents\SS-hangman-game\backend\data\jobs\537a31e5911e4323a6c22af6364b7caf\output\mastered.wav
{
  "preset": "club",
  "sr": 48000,
  "target_lufs_requested": -11.0,
  "governor_target_lufs": -12.8,
  "governor_steps": 11,
  "governor_gr_limit_db": -1.6,
  "lufs_pre": -20.612512541188046,
  "lufs_post": -19.251628760208263,
  "true_peak_dbfs": -1.000000870903717,
  "limiter_mode": "v2",
  "limiter_min_gain_db": -15.001348866366484,
  "limiter_avg_gr_db": -3.7059394394714444,
  "softclip_mix_effective": 0.18,
  "sub_f0_hz": 109.68017578125,
  "mono_sub_cutoff_hz": 110.0,
  "mono_sub_mix": 0.55,
  "microdetail": {
    "enabled": 1.0,
    "corr": 0.9683014980258638,
    "guard": 1.0,
    "eff_amount": 0.22,
    "threshold_db": -34.0,
    "max_boost_db": 3.5,
    "mix": 0.65
  },
  "movement": {
    "enabled": true,
    "amount": 0.1
  },
  "hooklift": {
    "enabled": true,
    "mix": 0.23,
    "air_hz": 7200.0,
    "width_gain": 0.18,
    "air_gain": 0.14,
    "auto": true,
    "auto_percentile": 75.0
  },
  "stems": {
    "enabled": true,
    "model_name": "htdemucs",
    "device": "cpu",
    "split": true,
    "overlap": 0.25,
    "shifts": 1,
    "model_sr": 48000,
    "sr": 48000,
    "sources": [
      "drums",
      "bass",
      "other",
      "vocals"
    ]
  },
  "transient_sculpt": {
    "enabled": false,
    "crest_db": 21.429273171657833,
    "guard": 0.0
  },
  "runtime_sec": 735.1965136528015,
  "out_path": "C:\\Users\\goku\\Documents\\SS-hangman-game\\backend\\data\\jobs\\537a31e5911e4323a6c22af6364b7caf\\output\\mastered.wav"
}
