18:57:25  auralmind  INFO  [master] preset=radio_loud  target=C:\Users\goku\Documents\SS-hangman-game\backend\data\jobs\ed09835cabcb4f64acc2b9ed870bd528\input\target.wav  reference=C:\Users\goku\Documents\SS-hangman-game\backend\data\jobs\ed09835cabcb4f64acc2b9ed870bd528\input\reference.mp3
18:57:28  auralmind  INFO  [master] audio loaded  sr=48000  dur=142.5s  (3.969s)
19:01:38  auralmind  INFO  [master] match-EQ + FIR convolution (auto)  (16.551s)
19:01:45  auralmind  INFO  [master] stereo enhancements  (3.393s)
19:01:53  auralmind  INFO  [master] microdetail recovery  (7.864s)
19:04:10  auralmind  INFO  [master] transient sculpt  enabled=True  (11.690s)
19:08:54  auralmind  INFO  [master] governor + limiter + write  LUFS=-16.3  TP=-1.00 dBFS  GR=-9.45 dB  (283.435s)
19:08:54  auralmind  INFO  [master] TOTAL runtime=689.11s  out=C:\Users\goku\Documents\SS-hangman-game\backend\data\jobs\ed09835cabcb4f64acc2b9ed870bd528\output\mastered.wav
{
  "preset": "radio_loud",
  "sr": 48000,
  "target_lufs_requested": -11.0,
  "governor_target_lufs": -12.8,
  "governor_steps": 11,
  "governor_gr_limit_db": -1.3,
  "lufs_pre": -18.107185490513,
  "lufs_post": -16.324600803091965,
  "true_peak_dbfs": -0.9999973855599669,
  "limiter_mode": "v2",
  "limiter_min_gain_db": -9.45148907405684,
  "limiter_avg_gr_db": -2.5186288188784722,
  "sub_f0_hz": 101.98974609375,
  "mono_sub_cutoff_hz": 110.0,
  "mono_sub_mix": 0.52,
  "microdetail": {
    "enabled": 1.0,
    "corr": 0.9205766772564099,
    "guard": 1.0,
    "eff_amount": 0.2,
    "threshold_db": -34.0,
    "max_boost_db": 3.2,
    "mix": 0.6
  },
  "movement": {
    "enabled": true,
    "amount": 0.1
  },
  "hooklift": {
    "enabled": true,
    "mix": 0.28,
    "air_hz": 7200.0,
    "width_gain": 0.18,
    "air_gain": 0.14,
    "auto": true,
    "auto_percentile": 75.0
  },
  "stems": {
    "enabled": true,
    "model_name": "htdemucs",
    "device": "cpu",
    "split": true,
    "overlap": 0.25,
    "shifts": 1,
    "model_sr": 48000,
    "sr": 48000,
    "sources": [
      "drums",
      "bass",
      "other",
      "vocals"
    ]
  },
  "transient_sculpt": {
    "enabled": true,
    "boost_db": 2.233642948691632,
    "mix": 0.34,
    "crest_db": 15.90625942574496,
    "guard": 0.9711491081267967,
    "max_transient_gain_db": 2.233643054962158
  },
  "runtime_sec": 689.1135511398315,
  "out_path": "C:\\Users\\goku\\Documents\\SS-hangman-game\\backend\\data\\jobs\\ed09835cabcb4f64acc2b9ed870bd528\\output\\mastered.wav"
}
