23:42:27  auralmind  INFO  [master] preset=club  target=C:\Users\goku\Documents\SS-hangman-game\backend\data\jobs\cd4dfa0953ae4110a4fec4bef61a9f73\input\target.wav  reference=C:\Users\goku\Documents\SS-hangman-game\backend\data\jobs\cd4dfa0953ae4110a4fec4bef61a9f73\input\reference.mp3
23:42:29  auralmind  INFO  [master] audio loaded  sr=48000  dur=217.4s  (2.466s)
23:48:05  auralmind  INFO  [master] match-EQ + FIR convolution (auto)  (8.321s)
23:48:15  auralmind  INFO  [master] stereo enhancements  (4.980s)
23:48:25  auralmind  INFO  [master] microdetail recovery  (9.944s)
23:51:29  auralmind  INFO  [master] transient sculpt  enabled=True  (15.754s)
23:58:02  auralmind  INFO  [master] governor + limiter + write  LUFS=-16.1  TP=-1.00 dBFS  GR=-10.78 dB  (393.424s)
23:58:02  auralmind  INFO  [master] TOTAL runtime=935.60s  out=C:\Users\goku\Documents\SS-hangman-game\backend\data\jobs\cd4dfa0953ae4110a4fec4bef61a9f73\output\mastered.wav
{
  "preset": "club",
  "sr": 48000,
  "target_lufs_requested": -10.4,
  "governor_target_lufs": -12.2,
  "governor_steps": 11,
  "governor_gr_limit_db": -1.6,
  "lufs_pre": -17.696471027813676,
  "lufs_post": -16.058804378531914,
  "true_peak_dbfs": -1.000000870903717,
  "limiter_mode": "v2",
  "limiter_min_gain_db": -10.784100694244586,
  "limiter_avg_gr_db": -2.256368892903807,
  "sub_f0_hz": 86.24267578125,
  "mono_sub_cutoff_hz": 110.0,
  "mono_sub_mix": 0.55,
  "microdetail": {
    "enabled": 1.0,
    "corr": 0.8499948603678829,
    "guard": 1.0,
    "eff_amount": 0.22,
    "threshold_db": -34.0,
    "max_boost_db": 3.5,
    "mix": 0.65
  },
  "movement": {
    "enabled": true,
    "amount": 0.1
  },
  "hooklift": {
    "enabled": true,
    "mix": 0.22,
    "air_hz": 7200.0,
    "width_gain": 0.18,
    "air_gain": 0.14,
    "auto": true,
    "auto_percentile": 75.0
  },
  "stems": {
    "enabled": true,
    "model_name": "htdemucs",
    "device": "cpu",
    "split": true,
    "overlap": 0.25,
    "shifts": 1,
    "model_sr": 48000,
    "sr": 48000,
    "sources": [
      "drums",
      "bass",
      "other",
      "vocals"
    ]
  },
  "transient_sculpt": {
    "enabled": true,
    "boost_db": 0.09752824411737694,
    "mix": 0.38,
    "crest_db": 19.01439209302351,
    "guard": 0.040636768382240396,
    "max_transient_gain_db": 0.09752824157476425
  },
  "runtime_sec": 935.5982851982117,
  "out_path": "C:\\Users\\goku\\Documents\\SS-hangman-game\\backend\\data\\jobs\\cd4dfa0953ae4110a4fec4bef61a9f73\\output\\mastered.wav"
}
