19:33:30  auralmind  INFO  [master] preset=cinematic  target=C:\Users\goku\Documents\SS-hangman-game\backend\data\jobs\c6264c218bfd43d0aca601aa77a851ef\input\target.wav  reference=C:\Users\goku\Documents\SS-hangman-game\backend\data\jobs\c6264c218bfd43d0aca601aa77a851ef\input\reference.mp3
19:33:36  auralmind  INFO  [master] audio loaded  sr=48000  dur=360.7s  (6.193s)
19:34:06  auralmind  INFO  [master] match-EQ + FIR convolution (auto)  (24.873s)
19:34:26  auralmind  INFO  [master] stereo enhancements  (9.729s)
19:34:48  auralmind  INFO  [master] microdetail recovery  (21.235s)
19:40:26  auralmind  INFO  [master] transient sculpt  enabled=False  (15.583s)
20:02:45  auralmind  INFO  [master] governor + limiter + write  LUFS=-17.9  TP=-1.00 dBFS  GR=-11.54 dB  (1338.342s)
20:02:45  auralmind  INFO  [master] TOTAL runtime=1754.39s  out=C:\Users\goku\Documents\SS-hangman-game\backend\data\jobs\c6264c218bfd43d0aca601aa77a851ef\output\mastered.wav
{
  "preset": "cinematic",
  "sr": 48000,
  "target_lufs_requested": -11.0,
  "governor_target_lufs": -12.8,
  "governor_steps": 11,
  "governor_gr_limit_db": -0.8,
  "lufs_pre": -18.77591622136401,
  "lufs_post": -17.907071193951996,
  "true_peak_dbfs": -0.9999991282316669,
  "limiter_mode": "v2",
  "limiter_min_gain_db": -11.543548407268819,
  "limiter_avg_gr_db": -4.366982188076919,
  "sub_f0_hz": 69.76318359375,
  "mono_sub_cutoff_hz": 110.0,
  "mono_sub_mix": 0.5188587473383579,
  "microdetail": {
    "enabled": 1.0,
    "corr": 0.8762746462647826,
    "guard": 1.0,
    "eff_amount": 0.16,
    "threshold_db": -36.0,
    "max_boost_db": 2.5,
    "mix": 0.5
  },
  "movement": {
    "enabled": true,
    "amount": 0.1
  },
  "hooklift": {
    "enabled": true,
    "mix": 0.28,
    "air_hz": 7200.0,
    "width_gain": 0.18,
    "air_gain": 0.14,
    "auto": true,
    "auto_percentile": 75.0
  },
  "stems": {
    "enabled": false
  },
  "transient_sculpt": {
    "enabled": false,
    "crest_db": 19.24807342925032,
    "guard": 0.01140040498048922
  },
  "runtime_sec": 1754.3895387649536,
  "out_path": "C:\\Users\\goku\\Documents\\SS-hangman-game\\backend\\data\\jobs\\c6264c218bfd43d0aca601aa77a851ef\\output\\mastered.wav"
}
