05:18:21  auralmind  INFO  [master] preset=cinematic  target=C:\Users\goku\Documents\SS-hangman-game\backend\data\jobs\1cadaaf08540456c97f9492ae500ae77\input\target.wav  reference=None
05:18:22  auralmind  INFO  [master] audio loaded  sr=48000  dur=159.6s  (0.948s)
05:18:26  auralmind  INFO  [master] match-EQ + FIR convolution (auto)  (2.201s)
05:19:44  auralmind  INFO  [master] stereo enhancements  (7.435s)
05:20:02  auralmind  INFO  [master] microdetail recovery  (18.534s)
05:23:24  auralmind  INFO  [master] transient sculpt  enabled=False  (0.059s)
05:32:08  auralmind  INFO  [master] governor + limiter + write  LUFS=-20.2  TP=-1.00 dBFS  GR=-15.26 dB  (524.519s)
05:32:08  auralmind  INFO  [master] TOTAL runtime=827.32s  out=C:\Users\goku\Documents\SS-hangman-game\backend\data\jobs\1cadaaf08540456c97f9492ae500ae77\output\mastered.wav
{
  "preset": "cinematic",
  "sr": 48000,
  "target_lufs_requested": -11.0,
  "governor_target_lufs": -12.8,
  "governor_steps": 11,
  "governor_gr_limit_db": -0.8,
  "lufs_pre": -23.011838839015727,
  "lufs_post": -20.227702336618417,
  "true_peak_dbfs": -0.9999997091223114,
  "limiter_mode": "v2",
  "limiter_min_gain_db": -15.260666762850077,
  "limiter_avg_gr_db": -5.038699862809287,
  "softclip_mix_effective": 0.08639999999999999,
  "sub_f0_hz": 109.68017578125,
  "mono_sub_cutoff_hz": 110.0,
  "mono_sub_mix": 0.48,
  "microdetail": {
    "enabled": 1.0,
    "corr": 0.9680232813757443,
    "guard": 1.0,
    "eff_amount": 0.16,
    "threshold_db": -36.0,
    "max_boost_db": 2.5,
    "mix": 0.5
  },
  "movement": {
    "enabled": true,
    "amount": 0.1
  },
  "hooklift": {
    "enabled": true,
    "mix": 0.23,
    "air_hz": 7200.0,
    "width_gain": 0.18,
    "air_gain": 0.14,
    "auto": true,
    "auto_percentile": 75.0
  },
  "stems": {
    "enabled": false
  },
  "transient_sculpt": {
    "enabled": false
  },
  "runtime_sec": 827.3195872306824,
  "out_path": "C:\\Users\\goku\\Documents\\SS-hangman-game\\backend\\data\\jobs\\1cadaaf08540456c97f9492ae500ae77\\output\\mastered.wav"
}
