18:12:18  auralmind  INFO  [master] preset=cinematic  target=C:\Users\goku\Documents\SS-hangman-game\backend\data\jobs\227a05792e714db1ad41769e72db76cd\input\target.wav  reference=C:\Users\goku\Documents\SS-hangman-game\backend\data\jobs\227a05792e714db1ad41769e72db76cd\input\reference.mp3
18:12:23  auralmind  INFO  [master] audio loaded  sr=48000  dur=165.8s  (4.807s)
18:12:44  auralmind  INFO  [master] match-EQ + FIR convolution (auto)  (19.256s)
18:12:55  auralmind  INFO  [master] stereo enhancements  (4.434s)
18:13:05  auralmind  INFO  [master] microdetail recovery  (10.551s)
18:16:25  auralmind  INFO  [master] transient sculpt  enabled=True  (18.951s)
18:26:52  auralmind  INFO  [master] governor + limiter + write  LUFS=-17.6  TP=-1.00 dBFS  GR=-11.67 dB  (626.788s)
18:26:52  auralmind  INFO  [master] TOTAL runtime=873.82s  out=C:\Users\goku\Documents\SS-hangman-game\backend\data\jobs\227a05792e714db1ad41769e72db76cd\output\mastered.wav
{
  "preset": "cinematic",
  "sr": 48000,
  "target_lufs_requested": -11.0,
  "governor_target_lufs": -12.8,
  "governor_steps": 11,
  "governor_gr_limit_db": -0.8,
  "lufs_pre": -19.174015399329196,
  "lufs_post": -17.64842413345789,
  "true_peak_dbfs": -1.0000002900129947,
  "limiter_mode": "v2",
  "limiter_min_gain_db": -11.6725181966621,
  "limiter_avg_gr_db": -4.383072498720846,
  "sub_f0_hz": 46.5087890625,
  "mono_sub_cutoff_hz": 86.041259765625,
  "mono_sub_mix": 0.48,
  "microdetail": {
    "enabled": 1.0,
    "corr": 0.7443623735306375,
    "guard": 1.0,
    "eff_amount": 0.16,
    "threshold_db": -36.0,
    "max_boost_db": 2.5,
    "mix": 0.5
  },
  "movement": {
    "enabled": true,
    "amount": 0.1
  },
  "hooklift": {
    "enabled": true,
    "mix": 0.32,
    "air_hz": 7200.0,
    "width_gain": 0.18,
    "air_gain": 0.14,
    "auto": true,
    "auto_percentile": 75.0
  },
  "stems": {
    "enabled": false
  },
  "transient_sculpt": {
    "enabled": true,
    "boost_db": 0.7855909862900681,
    "mix": 0.26,
    "crest_db": 17.929086658013706,
    "guard": 0.3415612983869861,
    "max_transient_gain_db": 0.7855910062789917
  },
  "runtime_sec": 873.8188006877899,
  "out_path": "C:\\Users\\goku\\Documents\\SS-hangman-game\\backend\\data\\jobs\\227a05792e714db1ad41769e72db76cd\\output\\mastered.wav"
}
