22:24:09  auralmind  INFO  [master] preset=hi_fi_streaming  target=C:\Users\goku\Documents\SS-hangman-game\backend\data\jobs\9ec8c8832bae4c78ba6328eab362ea15\input\target.wav  reference=C:\Users\goku\Documents\SS-hangman-game\backend\data\jobs\9ec8c8832bae4c78ba6328eab362ea15\input\reference.mp3
22:24:12  auralmind  INFO  [master] audio loaded  sr=48000  dur=214.8s  (2.771s)
22:24:23  auralmind  INFO  [master] match-EQ + FIR convolution (auto)  (7.436s)
22:24:35  auralmind  INFO  [master] stereo enhancements  (6.165s)
22:24:48  auralmind  INFO  [master] microdetail recovery  (12.827s)
22:28:48  auralmind  INFO  [master] transient sculpt  enabled=False  (10.604s)
22:39:51  auralmind  INFO  [master] governor + limiter + write  LUFS=-17.2  TP=-1.00 dBFS  GR=-9.90 dB  (663.223s)
22:39:51  auralmind  INFO  [master] TOTAL runtime=941.54s  out=C:\Users\goku\Documents\SS-hangman-game\backend\data\jobs\9ec8c8832bae4c78ba6328eab362ea15\output\mastered.wav
{
  "preset": "hi_fi_streaming",
  "sr": 48000,
  "target_lufs_requested": -12.8,
  "governor_target_lufs": -14.600000000000001,
  "governor_steps": 11,
  "governor_gr_limit_db": -1.0,
  "lufs_pre": -20.219237398034853,
  "lufs_post": -17.1997588197072,
  "true_peak_dbfs": -1.0000014517944777,
  "limiter_mode": "v2",
  "limiter_min_gain_db": -9.902062809513097,
  "limiter_avg_gr_db": -2.0065347375676046,
  "sub_f0_hz": 90.27099609375,
  "mono_sub_cutoff_hz": 110.0,
  "mono_sub_mix": 0.5,
  "microdetail": {
    "enabled": 1.0,
    "corr": 0.8170465897862038,
    "guard": 1.0,
    "eff_amount": 0.18,
    "threshold_db": -35.0,
    "max_boost_db": 3.0,
    "mix": 0.55
  },
  "movement": {
    "enabled": true,
    "amount": 0.1
  },
  "hooklift": {
    "enabled": true,
    "mix": 0.18,
    "air_hz": 7200.0,
    "width_gain": 0.18,
    "air_gain": 0.14,
    "auto": true,
    "auto_percentile": 75.0
  },
  "stems": {
    "enabled": false
  },
  "transient_sculpt": {
    "enabled": false,
    "crest_db": 20.066136275486933,
    "guard": 0.0
  },
  "runtime_sec": 941.5436034202576,
  "out_path": "C:\\Users\\goku\\Documents\\SS-hangman-game\\backend\\data\\jobs\\9ec8c8832bae4c78ba6328eab362ea15\\output\\mastered.wav"
}
