22:40:02  auralmind  INFO  [master] preset=club  target=C:\Users\goku\Documents\SS-hangman-game\backend\data\jobs\09755fc0b4354af4a61b6aef624b8116\input\target.wav  reference=C:\Users\goku\Documents\SS-hangman-game\backend\data\jobs\09755fc0b4354af4a61b6aef624b8116\input\reference.mp3
22:40:05  auralmind  INFO  [master] audio loaded  sr=48000  dur=185.0s  (2.928s)
22:48:10  auralmind  INFO  [master] match-EQ + FIR convolution (auto)  (11.660s)
22:48:23  auralmind  INFO  [master] stereo enhancements  (5.594s)
22:48:37  auralmind  INFO  [master] microdetail recovery  (14.381s)
22:50:06  auralmind  INFO  [master] transient sculpt  enabled=True  (10.591s)
22:54:54  auralmind  INFO  [master] governor + limiter + write  LUFS=-14.8  TP=-1.00 dBFS  GR=-6.95 dB  (288.391s)
22:54:54  auralmind  INFO  [master] TOTAL runtime=892.49s  out=C:\Users\goku\Documents\SS-hangman-game\backend\data\jobs\09755fc0b4354af4a61b6aef624b8116\output\mastered.wav
{
  "preset": "club",
  "sr": 48000,
  "target_lufs_requested": -10.4,
  "governor_target_lufs": -12.2,
  "governor_steps": 11,
  "governor_gr_limit_db": -1.6,
  "lufs_pre": -19.844622529864274,
  "lufs_post": -14.801365990361443,
  "true_peak_dbfs": -1.000000870903717,
  "limiter_mode": "v2",
  "limiter_min_gain_db": -6.954900205735006,
  "limiter_avg_gr_db": -2.2193922746203962,
  "sub_f0_hz": 97.96142578125,
  "mono_sub_cutoff_hz": 110.0,
  "mono_sub_mix": 0.55,
  "microdetail": {
    "enabled": 1.0,
    "corr": 0.9999468701706822,
    "guard": 1.0,
    "eff_amount": 0.22,
    "threshold_db": -34.0,
    "max_boost_db": 3.5,
    "mix": 0.65
  },
  "movement": {
    "enabled": true,
    "amount": 0.1
  },
  "hooklift": {
    "enabled": true,
    "mix": 0.22,
    "air_hz": 7200.0,
    "width_gain": 0.18,
    "air_gain": 0.14,
    "auto": true,
    "auto_percentile": 75.0
  },
  "stems": {
    "enabled": true,
    "model_name": "htdemucs",
    "device": "cpu",
    "split": true,
    "overlap": 0.25,
    "shifts": 1,
    "model_sr": 48000,
    "sr": 48000,
    "sources": [
      "drums",
      "bass",
      "other",
      "vocals"
    ]
  },
  "transient_sculpt": {
    "enabled": true,
    "boost_db": 2.1560024427965714,
    "mix": 0.38,
    "crest_db": 16.290228659506706,
    "guard": 0.8983343511652382,
    "max_transient_gain_db": 2.1560025215148926
  },
  "runtime_sec": 892.4889531135559,
  "out_path": "C:\\Users\\goku\\Documents\\SS-hangman-game\\backend\\data\\jobs\\09755fc0b4354af4a61b6aef624b8116\\output\\mastered.wav"
}
