04:35:06  auralmind  INFO  [master] preset=radio_loud  target=C:\Users\goku\Documents\SS-hangman-game\backend\data\jobs\d89f57131bc44e498266552895241541\input\target.wav  reference=None
04:35:07  auralmind  INFO  [master] audio loaded  sr=48000  dur=159.6s  (1.289s)
Traceback (most recent call last):
  File "C:\Users\goku\Documents\SS-hangman-game\auralmind_match_maestro_v7_3_expert1.py", line 2691, in <module>
    main()
    ~~~~^^
  File "C:\Users\goku\Documents\SS-hangman-game\auralmind_match_maestro_v7_3_expert1.py", line 2678, in main
    res = master(
        args.target,
    ...<6 lines>...
        dither_seed=int(args.dither_seed),
    )
  File "C:\Users\goku\Documents\SS-hangman-game\auralmind_match_maestro_v7_3_expert1.py", line 2215, in master
    stems, stems_info = demucs_separate_stems(
                        ~~~~~~~~~~~~~~~~~~~~~^
        y, sr_t,
        ^^^^^^^^
    ...<4 lines>...
        shifts=int(preset.demucs_shifts),
        ^^^^^^^^^^^^^^^^^^^^^^^^^^^^^^^^^
    )
    ^
  File "C:\Users\goku\Documents\SS-hangman-game\auralmind_match_maestro_v7_3_expert1.py", line 1796, in demucs_separate_stems
    sources = apply_model(model, wav, device=dev, progress=False, **kwargs)
  File "C:\Users\goku\Documents\SS-hangman-game\.venv\Lib\site-packages\demucs\apply.py", line 189, in apply_model
    out = apply_model(sub_model, mix, **kwargs)
  File "C:\Users\goku\Documents\SS-hangman-game\.venv\Lib\site-packages\demucs\apply.py", line 216, in apply_model
    shifted_out = apply_model(model, shifted, **kwargs)
  File "C:\Users\goku\Documents\SS-hangman-game\.venv\Lib\site-packages\demucs\apply.py", line 250, in apply_model
    chunk_out = future.result()
  File "C:\Users\goku\Documents\SS-hangman-game\.venv\Lib\site-packages\demucs\utils.py", line 129, in result
    return self.func(*self.args, **self.kwargs)
           ~~~~~~~~~^^^^^^^^^^^^^^^^^^^^^^^^^^^
  File "C:\Users\goku\Documents\SS-hangman-game\.venv\Lib\site-packages\demucs\apply.py", line 271, in apply_model
    out = model(padded_mix)
  File "C:\Users\goku\Documents\SS-hangman-game\.venv\Lib\site-packages\torch\nn\modules\module.py", line 1776, in _wrapped_call_impl
    return self._call_impl(*args, **kwargs)
           ~~~~~~~~~~~~~~~^^^^^^^^^^^^^^^^^
  File "C:\Users\goku\Documents\SS-hangman-game\.venv\Lib\site-packages\torch\nn\modules\module.py", line 1787, in _call_impl
    return forward_call(*args, **kwargs)
  File "C:\Users\goku\Documents\SS-hangman-game\.venv\Lib\site-packages\demucs\htdemucs.py", line 603, in forward
    x, pre = decode(x, skip, lengths.pop(-1))
             ~~~~~~^^^^^^^^^^^^^^^^^^^^^^^^^^
  File "C:\Users\goku\Documents\SS-hangman-game\.venv\Lib\site-packages\torch\nn\modules\module.py", line 1776, in _wrapped_call_impl
    return self._call_impl(*args, **kwargs)
           ~~~~~~~~~~~~~~~^^^^^^^^^^^^^^^^^
  File "C:\Users\goku\Documents\SS-hangman-game\.venv\Lib\site-packages\torch\nn\modules\module.py", line 1787, in _call_impl
    return forward_call(*args, **kwargs)
  File "C:\Users\goku\Documents\SS-hangman-game\.venv\Lib\site-packages\demucs\hdemucs.py", line 320, in forward
    y = self.dconv(y)
  File "C:\Users\goku\Documents\SS-hangman-game\.venv\Lib\site-packages\torch\nn\modules\module.py", line 1776, in _wrapped_call_impl
    return self._call_impl(*args, **kwargs)
           ~~~~~~~~~~~~~~~^^^^^^^^^^^^^^^^^
  File "C:\Users\goku\Documents\SS-hangman-game\.venv\Lib\site-packages\torch\nn\modules\module.py", line 1787, in _call_impl
    return forward_call(*args, **kwargs)
  File "C:\Users\goku\Documents\SS-hangman-game\.venv\Lib\site-packages\demucs\demucs.py", line 153, in forward
    x = x + layer(x)
            ~~~~~^^^
  File "C:\Users\goku\Documents\SS-hangman-game\.venv\Lib\site-packages\torch\nn\modules\module.py", line 1776, in _wrapped_call_impl
    return self._call_impl(*args, **kwargs)
           ~~~~~~~~~~~~~~~^^^^^^^^^^^^^^^^^
  File "C:\Users\goku\Documents\SS-hangman-game\.venv\Lib\site-packages\torch\nn\modules\module.py", line 1787, in _call_impl
    return forward_call(*args, **kwargs)
  File "C:\Users\goku\Documents\SS-hangman-game\.venv\Lib\site-packages\torch\nn\modules\container.py", line 253, in forward
    input = module(input)
  File "C:\Users\goku\Documents\SS-hangman-game\.venv\Lib\site-packages\torch\nn\modules\module.py", line 1776, in _wrapped_call_impl
    return self._call_impl(*args, **kwargs)
           ~~~~~~~~~~~~~~~^^^^^^^^^^^^^^^^^
  File "C:\Users\goku\Documents\SS-hangman-game\.venv\Lib\site-packages\torch\nn\modules\module.py", line 1787, in _call_impl
    return forward_call(*args, **kwargs)
  File "C:\Users\goku\Documents\SS-hangman-game\.venv\Lib\site-packages\torch\nn\modules\normalization.py", line 327, in forward
    return F.group_norm(input, self.num_groups, self.weight, self.bias, self.eps)
           ~~~~~~~~~~~~^^^^^^^^^^^^^^^^^^^^^^^^^^^^^^^^^^^^^^^^^^^^^^^^^^^^^^^^^^
  File "C:\Users\goku\Documents\SS-hangman-game\.venv\Lib\site-packages\torch\nn\functional.py", line 2990, in group_norm
    return torch.group_norm(
           ~~~~~~~~~~~~~~~~^
        input, num_groups, weight, bias, eps, torch.backends.cudnn.enabled
        ^^^^^^^^^^^^^^^^^^^^^^^^^^^^^^^^^^^^^^^^^^^^^^^^^^^^^^^^^^^^^^^^^^
    )
    ^
KeyboardInterrupt
