23:28:34  auralmind  INFO  [master] preset=hi_fi_streaming  target=C:\Users\goku\Documents\SS-hangman-game\backend\data\jobs\999658fd3faa482ea37c40ec83220242\input\target.wav  reference=C:\Users\goku\Documents\SS-hangman-game\backend\data\jobs\999658fd3faa482ea37c40ec83220242\input\reference.mp3
23:28:36  auralmind  INFO  [master] audio loaded  sr=48000  dur=217.4s  (2.319s)
23:28:45  auralmind  INFO  [master] match-EQ + FIR convolution (auto)  (6.379s)
23:28:54  auralmind  INFO  [master] stereo enhancements  (3.964s)
23:29:03  auralmind  INFO  [master] microdetail recovery  (9.319s)
23:31:50  auralmind  INFO  [master] transient sculpt  enabled=True  (12.133s)
23:42:18  auralmind  INFO  [master] governor + limiter + write  LUFS=-17.4  TP=-1.00 dBFS  GR=-8.19 dB  (628.134s)
23:42:18  auralmind  INFO  [master] TOTAL runtime=824.63s  out=C:\Users\goku\Documents\SS-hangman-game\backend\data\jobs\999658fd3faa482ea37c40ec83220242\output\mastered.wav
{
  "preset": "hi_fi_streaming",
  "sr": 48000,
  "target_lufs_requested": -12.8,
  "governor_target_lufs": -14.600000000000001,
  "governor_steps": 11,
  "governor_gr_limit_db": -1.0,
  "lufs_pre": -17.400856892859377,
  "lufs_post": -17.42996210738848,
  "true_peak_dbfs": -0.9999985473410613,
  "limiter_mode": "v2",
  "limiter_min_gain_db": -8.190271634000322,
  "limiter_avg_gr_db": -1.9421907220944934,
  "sub_f0_hz": 87.5244140625,
  "mono_sub_cutoff_hz": 110.0,
  "mono_sub_mix": 0.5,
  "microdetail": {
    "enabled": 1.0,
    "corr": 0.8456839826284599,
    "guard": 1.0,
    "eff_amount": 0.18,
    "threshold_db": -35.0,
    "max_boost_db": 3.0,
    "mix": 0.55
  },
  "movement": {
    "enabled": true,
    "amount": 0.1
  },
  "hooklift": {
    "enabled": true,
    "mix": 0.18,
    "air_hz": 7200.0,
    "width_gain": 0.18,
    "air_gain": 0.14,
    "auto": true,
    "auto_percentile": 75.0
  },
  "stems": {
    "enabled": false
  },
  "transient_sculpt": {
    "enabled": true,
    "boost_db": 0.700850989789533,
    "mix": 0.32,
    "crest_db": 17.904375626951143,
    "guard": 0.3504254948947665,
    "max_transient_gain_db": 0.7008509635925293
  },
  "runtime_sec": 824.6345188617706,
  "out_path": "C:\\Users\\goku\\Documents\\SS-hangman-game\\backend\\data\\jobs\\999658fd3faa482ea37c40ec83220242\\output\\mastered.wav"
}
