00:32:27  auralmind  INFO  [master] preset=cinematic  target=C:\Users\goku\Documents\SS-hangman-game\backend\data\jobs\e9b96ac981d343fa8ad509009fb1edfc\input\target.wav  reference=C:\Users\goku\Documents\SS-hangman-game\backend\data\jobs\e9b96ac981d343fa8ad509009fb1edfc\input\reference.mp3
00:32:29  auralmind  INFO  [master] audio loaded  sr=48000  dur=207.6s  (2.593s)
00:32:37  auralmind  INFO  [master] match-EQ + FIR convolution (auto)  (5.958s)
00:32:47  auralmind  INFO  [master] stereo enhancements  (4.896s)
00:32:58  auralmind  INFO  [master] microdetail recovery  (10.701s)
00:36:15  auralmind  INFO  [master] transient sculpt  enabled=True  (14.513s)
00:48:38  auralmind  INFO  [master] governor + limiter + write  LUFS=-17.9  TP=-1.00 dBFS  GR=-5.17 dB  (742.921s)
00:48:38  auralmind  INFO  [master] TOTAL runtime=971.24s  out=C:\Users\goku\Documents\SS-hangman-game\backend\data\jobs\e9b96ac981d343fa8ad509009fb1edfc\output\mastered.wav
{
  "preset": "cinematic",
  "sr": 48000,
  "target_lufs_requested": -14.5,
  "governor_target_lufs": -16.3,
  "governor_steps": 11,
  "governor_gr_limit_db": -0.8,
  "lufs_pre": -21.998331649080367,
  "lufs_post": -17.925634695529364,
  "true_peak_dbfs": -1.000000870903717,
  "limiter_mode": "v2",
  "limiter_min_gain_db": -5.1737458091998,
  "limiter_avg_gr_db": -1.3511306866528894,
  "sub_f0_hz": 96.6796875,
  "mono_sub_cutoff_hz": 110.0,
  "mono_sub_mix": 0.48,
  "microdetail": {
    "enabled": 1.0,
    "corr": 0.9200830908743012,
    "guard": 1.0,
    "eff_amount": 0.16,
    "threshold_db": -36.0,
    "max_boost_db": 2.5,
    "mix": 0.5
  },
  "movement": {
    "enabled": true,
    "amount": 0.1
  },
  "hooklift": {
    "enabled": true,
    "mix": 0.14,
    "air_hz": 7200.0,
    "width_gain": 0.18,
    "air_gain": 0.14,
    "auto": true,
    "auto_percentile": 75.0
  },
  "stems": {
    "enabled": false
  },
  "transient_sculpt": {
    "enabled": true,
    "boost_db": 0.9541317409044509,
    "mix": 0.26,
    "crest_db": 17.241677261750926,
    "guard": 0.5963323380652817,
    "max_transient_gain_db": 0.9541317224502563
  },
  "runtime_sec": 971.2377939224243,
  "out_path": "C:\\Users\\goku\\Documents\\SS-hangman-game\\backend\\data\\jobs\\e9b96ac981d343fa8ad509009fb1edfc\\output\\mastered.wav"
}
