usage: auralmind_match_maestro_v7_3_expert1.py [-h] --target TARGET
                                               [--reference REFERENCE]
                                               --out OUT
                                               [--out-subtype OUT_SUBTYPE]
                                               [--no-dither]
                                               [--dither-seed DITHER_SEED]
                                               [--report REPORT]
                                               [--preset {hi_fi_streaming,competitive_trap,club_clean}]
                                               [--no-stems] [--stems]
                                               [--demucs-model DEMUCS_MODEL]
                                               [--demucs-device DEMUCS_DEVICE]
                                               [--demucs-overlap DEMUCS_OVERLAP]
                                               [--demucs-no-split]
                                               [--demucs-shifts DEMUCS_SHIFTS]
                                               [--no-movement]
                                               [--movement-amount MOVEMENT_AMOUNT]
                                               [--no-hooklift]
                                               [--hooklift-mix HOOKLIFT_MIX]
                                               [--hooklift-no-auto]
                                               [--hooklift-percentile HOOKLIFT_PERCENTILE]
                                               [--transient-boost TRANSIENT_BOOST]
                                               [--transient-mix TRANSIENT_MIX]
                                               [--transient-guard TRANSIENT_GUARD]
                                               [--transient-decay TRANSIENT_DECAY]
                                               [--warmth WARMTH] [--auto]
                                               [--target-lufs TARGET_LUFS]
                                               [--ceiling CEILING]
                                               [--limiter {v1,v2}]
                                               [--no-softclip]
                                               [--fir-stream {auto,on,off}]
                                               [--fir-block-pow2 FIR_BLOCK_POW2]
                                               [--microdetail]
                                               [--no-microdetail]
auralmind_match_maestro_v7_3_expert1.py: error: unrecognized arguments: --enable-mono-sub --enable-masking-dynamic-eq --enable-truepeak-limiter --true-peak-ceiling -1.0
