00:07:11  auralmind  INFO  [master] preset=hi_fi_streaming  target=C:\Users\goku\Documents\SS-hangman-game\backend\data\jobs\9d7f9711992a4b57a5e6757938cc1d8e\input\target.wav  reference=C:\Users\goku\Documents\SS-hangman-game\backend\data\jobs\9d7f9711992a4b57a5e6757938cc1d8e\input\reference.mp3
00:07:14  auralmind  INFO  [master] audio loaded  sr=48000  dur=207.6s  (3.527s)
00:07:25  auralmind  INFO  [master] match-EQ + FIR convolution (auto)  (7.812s)
00:07:37  auralmind  INFO  [master] stereo enhancements  (5.567s)
00:07:52  auralmind  INFO  [master] microdetail recovery  (14.798s)
00:11:41  auralmind  INFO  [master] transient sculpt  enabled=True  (17.449s)
00:22:04  auralmind  INFO  [master] governor + limiter + write  LUFS=-16.8  TP=-1.00 dBFS  GR=-6.16 dB  (623.292s)
00:22:04  auralmind  INFO  [master] TOTAL runtime=893.08s  out=C:\Users\goku\Documents\SS-hangman-game\backend\data\jobs\9d7f9711992a4b57a5e6757938cc1d8e\output\mastered.wav
{
  "preset": "hi_fi_streaming",
  "sr": 48000,
  "target_lufs_requested": -12.8,
  "governor_target_lufs": -14.600000000000001,
  "governor_steps": 11,
  "governor_gr_limit_db": -1.0,
  "lufs_pre": -17.60894122496994,
  "lufs_post": -16.78758797447204,
  "true_peak_dbfs": -0.9999985473410613,
  "limiter_mode": "v2",
  "limiter_min_gain_db": -6.15515713923796,
  "limiter_avg_gr_db": -1.976657204790001,
  "sub_f0_hz": 96.86279296875,
  "mono_sub_cutoff_hz": 110.0,
  "mono_sub_mix": 0.5,
  "microdetail": {
    "enabled": 1.0,
    "corr": 0.9004178869066833,
    "guard": 1.0,
    "eff_amount": 0.18,
    "threshold_db": -35.0,
    "max_boost_db": 3.0,
    "mix": 0.55
  },
  "movement": {
    "enabled": true,
    "amount": 0.1
  },
  "hooklift": {
    "enabled": true,
    "mix": 0.18,
    "air_hz": 7200.0,
    "width_gain": 0.18,
    "air_gain": 0.14,
    "auto": true,
    "auto_percentile": 75.0
  },
  "stems": {
    "enabled": false
  },
  "transient_sculpt": {
    "enabled": true,
    "boost_db": 1.9865247828610462,
    "mix": 0.32,
    "crest_db": 15.692681516290904,
    "guard": 0.9932623914305231,
    "max_transient_gain_db": 1.9865248203277588
  },
  "runtime_sec": 893.0826554298401,
  "out_path": "C:\\Users\\goku\\Documents\\SS-hangman-game\\backend\\data\\jobs\\9d7f9711992a4b57a5e6757938cc1d8e\\output\\mastered.wav"
}
