18:52:49  auralmind  INFO  [master] preset=cinematic  target=C:\Users\goku\Documents\SS-hangman-game\backend\data\jobs\d5a252e29dc2455aa5ee4c6d00772c6e\input\target.wav  reference=C:\Users\goku\Documents\SS-hangman-game\backend\data\jobs\d5a252e29dc2455aa5ee4c6d00772c6e\input\reference.mp3
18:52:54  auralmind  INFO  [master] audio loaded  sr=48000  dur=142.5s  (4.928s)
18:53:12  auralmind  INFO  [master] match-EQ + FIR convolution (auto)  (15.590s)
18:53:19  auralmind  INFO  [master] stereo enhancements  (3.158s)
18:53:26  auralmind  INFO  [master] microdetail recovery  (7.718s)
18:55:42  auralmind  INFO  [master] transient sculpt  enabled=True  (9.969s)
19:04:11  auralmind  INFO  [master] governor + limiter + write  LUFS=-16.7  TP=-1.00 dBFS  GR=-9.72 dB  (508.797s)
19:04:11  auralmind  INFO  [master] TOTAL runtime=681.21s  out=C:\Users\goku\Documents\SS-hangman-game\backend\data\jobs\d5a252e29dc2455aa5ee4c6d00772c6e\output\mastered.wav
{
  "preset": "cinematic",
  "sr": 48000,
  "target_lufs_requested": -11.0,
  "governor_target_lufs": -12.8,
  "governor_steps": 11,
  "governor_gr_limit_db": -0.8,
  "lufs_pre": -18.4707340931932,
  "lufs_post": -16.680886655020817,
  "true_peak_dbfs": -0.9999985473410613,
  "limiter_mode": "v2",
  "limiter_min_gain_db": -9.718343748248955,
  "limiter_avg_gr_db": -3.0406772718170054,
  "sub_f0_hz": 101.98974609375,
  "mono_sub_cutoff_hz": 110.0,
  "mono_sub_mix": 0.48,
  "microdetail": {
    "enabled": 1.0,
    "corr": 0.9171023699434387,
    "guard": 1.0,
    "eff_amount": 0.16,
    "threshold_db": -36.0,
    "max_boost_db": 2.5,
    "mix": 0.5
  },
  "movement": {
    "enabled": true,
    "amount": 0.1
  },
  "hooklift": {
    "enabled": true,
    "mix": 0.28,
    "air_hz": 7200.0,
    "width_gain": 0.18,
    "air_gain": 0.14,
    "auto": true,
    "auto_percentile": 75.0
  },
  "stems": {
    "enabled": false
  },
  "transient_sculpt": {
    "enabled": true,
    "boost_db": 2.2286032141764114,
    "mix": 0.26,
    "crest_db": 15.921998682788415,
    "guard": 0.9689579192071354,
    "max_transient_gain_db": 2.2286031246185303
  },
  "runtime_sec": 681.2055733203888,
  "out_path": "C:\\Users\\goku\\Documents\\SS-hangman-game\\backend\\data\\jobs\\d5a252e29dc2455aa5ee4c6d00772c6e\\output\\mastered.wav"
}
