18:41:31  auralmind  INFO  [master] preset=hi_fi_streaming  target=C:\Users\goku\Documents\SS-hangman-game\backend\data\jobs\6c3248035c66414daba9dfda2a60fdb4\input\target.wav  reference=C:\Users\goku\Documents\SS-hangman-game\backend\data\jobs\6c3248035c66414daba9dfda2a60fdb4\input\reference.mp3
18:41:37  auralmind  INFO  [master] audio loaded  sr=48000  dur=142.5s  (6.491s)
18:41:59  auralmind  INFO  [master] match-EQ + FIR convolution (auto)  (19.557s)
18:42:09  auralmind  INFO  [master] stereo enhancements  (4.735s)
18:42:21  auralmind  INFO  [master] microdetail recovery  (12.371s)
18:45:07  auralmind  INFO  [master] transient sculpt  enabled=True  (17.518s)
18:52:37  auralmind  INFO  [master] governor + limiter + write  LUFS=-16.3  TP=-1.00 dBFS  GR=-9.42 dB  (450.070s)
18:52:37  auralmind  INFO  [master] TOTAL runtime=666.05s  out=C:\Users\goku\Documents\SS-hangman-game\backend\data\jobs\6c3248035c66414daba9dfda2a60fdb4\output\mastered.wav
{
  "preset": "hi_fi_streaming",
  "sr": 48000,
  "target_lufs_requested": -11.0,
  "governor_target_lufs": -12.8,
  "governor_steps": 11,
  "governor_gr_limit_db": -1.0,
  "lufs_pre": -18.232487520034994,
  "lufs_post": -16.32163777134065,
  "true_peak_dbfs": -0.9999985473410613,
  "limiter_mode": "v2",
  "limiter_min_gain_db": -9.41502014476518,
  "limiter_avg_gr_db": -2.5966379596330036,
  "sub_f0_hz": 101.98974609375,
  "mono_sub_cutoff_hz": 110.0,
  "mono_sub_mix": 0.5,
  "microdetail": {
    "enabled": 1.0,
    "corr": 0.9152253018941239,
    "guard": 1.0,
    "eff_amount": 0.18,
    "threshold_db": -35.0,
    "max_boost_db": 3.0,
    "mix": 0.55
  },
  "movement": {
    "enabled": true,
    "amount": 0.1
  },
  "hooklift": {
    "enabled": true,
    "mix": 0.28,
    "air_hz": 7200.0,
    "width_gain": 0.18,
    "air_gain": 0.14,
    "auto": true,
    "auto_percentile": 75.0
  },
  "stems": {
    "enabled": false
  },
  "transient_sculpt": {
    "enabled": true,
    "boost_db": 2.2725976213264096,
    "mix": 0.32,
    "crest_db": 15.757668344326826,
    "guard": 0.9880859223158304,
    "max_transient_gain_db": 2.272597551345825
  },
  "runtime_sec": 666.0466320514679,
  "out_path": "C:\\Users\\goku\\Documents\\SS-hangman-game\\backend\\data\\jobs\\6c3248035c66414daba9dfda2a60fdb4\\output\\mastered.wav"
}
