usage: auralmind_match_maestro_v7_3_expert1.py [-h] --target TARGET --out OUT
                                               [--reference REFERENCE]
                                               [--report REPORT]
                                               [--preset {club_clean,competitive_trap,hi_fi_streaming}]
                                               [--target-lufs TARGET_LUFS]
                                               [--true-peak-ceiling TRUE_PEAK_CEILING]
                                               [--warmth WARMTH]
                                               [--enable-mono-sub]
                                               [--enable-masking-dynamic-eq]
                                               [--enable-truepeak-limiter]
                                               [--profile] [--verify]
                                               [--verify-epsilon-db VERIFY_EPSILON_DB]
                                               [--enable-groove-sculpt]
                                               [--groove-sculpt-amount GROOVE_SCULPT_AMOUNT]
                                               [--enable-sub-phase-guard2]
                                               [--sub-phase-guard2-strength SUB_PHASE_GUARD2_STRENGTH]
                                               [--out-subtype OUT_SUBTYPE]
                                               [--dither] [--no-dither]
                                               [--dither-seed DITHER_SEED]
                                               [--log-level LOG_LEVEL]
auralmind_match_maestro_v7_3_expert1.py: error: argument --preset: invalid choice: 'cinematic' (choose from club_clean, competitive_trap, hi_fi_streaming)
