Traceback (most recent call last):
  File "C:\Users\goku\Documents\SS-hangman-game\auralmind_match_maestro_v7_3_expert1.py", line 25, in <module>
    import scipy.signal as sps
  File "C:\Users\goku\Documents\SS-hangman-game\venv\Lib\site-packages\scipy\signal\__init__.py", line 306, in <module>
    from ._support_alternative_backends import *
  File "C:\Users\goku\Documents\SS-hangman-game\venv\Lib\site-packages\scipy\signal\_support_alternative_backends.py", line 7, in <module>
    from ._signal_api import *   # noqa: F403
    ^^^^^^^^^^^^^^^^^^^^^^^^^^
  File "C:\Users\goku\Documents\SS-hangman-game\venv\Lib\site-packages\scipy\signal\_signal_api.py", line 9, in <module>
    from . import _sigtools, windows         # noqa: F401
    ^^^^^^^^^^^^^^^^^^^^^^^^^^^^^^^^
  File "C:\Users\goku\Documents\SS-hangman-game\venv\Lib\site-packages\scipy\signal\windows\__init__.py", line 42, in <module>
    from ._windows import *
  File "C:\Users\goku\Documents\SS-hangman-game\venv\Lib\site-packages\scipy\signal\windows\_windows.py", line 9, in <module>
    from scipy import linalg, special, fft as sp_fft
  File "<frozen importlib._bootstrap>", line 1412, in _handle_fromlist
  File "C:\Users\goku\Documents\SS-hangman-game\venv\Lib\site-packages\scipy\__init__.py", line 143, in __getattr__
    return _importlib.import_module(f'scipy.{name}')
           ~~~~~~~~~~~~~~~~~~~~~~~~^^^^^^^^^^^^^^^^^
  File "C:\Python313\Lib\importlib\__init__.py", line 88, in import_module
    return _bootstrap._gcd_import(name[level:], package, level)
           ~~~~~~~~~~~~~~~~~~~~~~^^^^^^^^^^^^^^^^^^^^^^^^^^^^^^
  File "C:\Users\goku\Documents\SS-hangman-game\venv\Lib\site-packages\scipy\special\__init__.py", line 793, in <module>
    from ._support_alternative_backends import *
  File "C:\Users\goku\Documents\SS-hangman-game\venv\Lib\site-packages\scipy\special\_support_alternative_backends.py", line 871, in <module>
    globals().update({nfo.func.__name__: nfo.wrapper for nfo in _special_funcs})
                                         ^^^^^^^^^^^
  File "C:\Users\goku\Documents\SS-hangman-game\venv\Lib\site-packages\scipy\special\_support_alternative_backends.py", line 111, in wrapper
    cap_func = capabilities(func)
  File "C:\Users\goku\Documents\SS-hangman-game\venv\Lib\site-packages\scipy\_lib\_array_api.py", line 845, in decorator
    doc = FunctionDoc(f)
  File "C:\Users\goku\Documents\SS-hangman-game\venv\Lib\site-packages\scipy\_lib\_docscrape.py", line 589, in __init__
    NumpyDocString.__init__(self, doc, config)
    ~~~~~~~~~~~~~~~~~~~~~~~^^^^^^^^^^^^^^^^^^^
  File "C:\Users\goku\Documents\SS-hangman-game\venv\Lib\site-packages\scipy\_lib\_docscrape.py", line 145, in __init__
    self._parsed_data = copy.deepcopy(self.sections)
                        ~~~~~~~~~~~~~^^^^^^^^^^^^^^^
  File "C:\Python313\Lib\copy.py", line 137, in deepcopy
    y = copier(x, memo)
  File "C:\Python313\Lib\copy.py", line 222, in _deepcopy_dict
    y[deepcopy(key, memo)] = deepcopy(value, memo)
      ~~~~~~~~^^^^^^^^^^^
  File "C:\Python313\Lib\copy.py", line 135, in deepcopy
    copier = _deepcopy_dispatch.get(cls)
KeyboardInterrupt
