23:14:25  auralmind  INFO  [master] preset=hi_fi_streaming  target=C:\Users\goku\Documents\SS-hangman-game\backend\data\jobs\993e824c743e4d91b5b1248793cde4b4\input\target.wav  reference=C:\Users\goku\Documents\SS-hangman-game\backend\data\jobs\993e824c743e4d91b5b1248793cde4b4\input\reference.mp3
23:14:27  auralmind  INFO  [master] audio loaded  sr=48000  dur=142.5s  (1.917s)
23:14:32  auralmind  INFO  [master] match-EQ + FIR convolution (auto)  (4.231s)
23:14:37  auralmind  INFO  [master] stereo enhancements  (2.639s)
23:14:44  auralmind  INFO  [master] microdetail recovery  (6.234s)
23:16:16  auralmind  INFO  [master] transient sculpt  enabled=True  (8.561s)
23:24:00  auralmind  INFO  [master] governor + limiter + write  LUFS=-16.5  TP=-1.00 dBFS  GR=-6.21 dB  (463.859s)
23:24:00  auralmind  INFO  [master] TOTAL runtime=575.27s  out=C:\Users\goku\Documents\SS-hangman-game\backend\data\jobs\993e824c743e4d91b5b1248793cde4b4\output\mastered.wav
{
  "preset": "hi_fi_streaming",
  "sr": 48000,
  "target_lufs_requested": -12.8,
  "governor_target_lufs": -14.600000000000001,
  "governor_steps": 11,
  "governor_gr_limit_db": -1.0,
  "lufs_pre": -21.272466848360757,
  "lufs_post": -16.48470270004563,
  "true_peak_dbfs": -0.9999991282316669,
  "limiter_mode": "v2",
  "limiter_min_gain_db": -6.208353150517802,
  "limiter_avg_gr_db": -1.609005987586328,
  "sub_f0_hz": 101.98974609375,
  "mono_sub_cutoff_hz": 110.0,
  "mono_sub_mix": 0.5,
  "microdetail": {
    "enabled": 1.0,
    "corr": 0.9172516721217747,
    "guard": 1.0,
    "eff_amount": 0.18,
    "threshold_db": -35.0,
    "max_boost_db": 3.0,
    "mix": 0.55
  },
  "movement": {
    "enabled": true,
    "amount": 0.1
  },
  "hooklift": {
    "enabled": true,
    "mix": 0.18,
    "air_hz": 7200.0,
    "width_gain": 0.18,
    "air_gain": 0.14,
    "auto": true,
    "auto_percentile": 75.0
  },
  "stems": {
    "enabled": false
  },
  "transient_sculpt": {
    "enabled": true,
    "boost_db": 2.0,
    "mix": 0.32,
    "crest_db": 15.214004881750508,
    "guard": 1.0,
    "max_transient_gain_db": 2.0
  },
  "runtime_sec": 575.2703719139099,
  "out_path": "C:\\Users\\goku\\Documents\\SS-hangman-game\\backend\\data\\jobs\\993e824c743e4d91b5b1248793cde4b4\\output\\mastered.wav"
}
