04:24:08  auralmind  INFO  [master] preset=cinematic  target=C:\Users\goku\Documents\SS-hangman-game\backend\data\jobs\03777ca0553e4d72a9dd1699b0713003\input\target.wav  reference=None
04:24:09  auralmind  INFO  [master] audio loaded  sr=48000  dur=159.6s  (0.990s)
04:24:13  auralmind  INFO  [master] match-EQ + FIR convolution (auto)  (2.275s)
04:25:00  auralmind  INFO  [master] stereo enhancements  (3.325s)
04:25:07  auralmind  INFO  [master] microdetail recovery  (7.374s)
04:25:09  auralmind  INFO  [master] transient sculpt  enabled=False  (0.031s)
04:32:10  auralmind  INFO  [master] governor + limiter + write  LUFS=-20.2  TP=-1.00 dBFS  GR=-15.27 dB  (421.553s)
04:32:10  auralmind  INFO  [master] TOTAL runtime=482.54s  out=C:\Users\goku\Documents\SS-hangman-game\backend\data\jobs\03777ca0553e4d72a9dd1699b0713003\output\mastered.wav
{
  "preset": "cinematic",
  "sr": 48000,
  "target_lufs_requested": -11.0,
  "governor_target_lufs": -12.8,
  "governor_steps": 11,
  "governor_gr_limit_db": -0.8,
  "lufs_pre": -23.027990017700382,
  "lufs_post": -20.2367738098097,
  "true_peak_dbfs": -1.0000002900129947,
  "limiter_mode": "v2",
  "limiter_min_gain_db": -15.26706521462467,
  "limiter_avg_gr_db": -5.035580280200681,
  "softclip_mix_effective": 0.08639999999999999,
  "sub_f0_hz": 109.68017578125,
  "mono_sub_cutoff_hz": 110.0,
  "mono_sub_mix": 0.48,
  "microdetail": {
    "enabled": 1.0,
    "corr": 0.9680232813757443,
    "guard": 1.0,
    "eff_amount": 0.16,
    "threshold_db": -36.0,
    "max_boost_db": 2.5,
    "mix": 0.5
  },
  "movement": {
    "enabled": true,
    "amount": 0.1
  },
  "hooklift": {
    "enabled": false
  },
  "stems": {
    "enabled": false
  },
  "transient_sculpt": {
    "enabled": false
  },
  "runtime_sec": 482.54336881637573,
  "out_path": "C:\\Users\\goku\\Documents\\SS-hangman-game\\backend\\data\\jobs\\03777ca0553e4d72a9dd1699b0713003\\output\\mastered.wav"
}
