19:04:21  auralmind  INFO  [master] preset=hi_fi_streaming  target=C:\Users\goku\Documents\SS-hangman-game\backend\data\jobs\ae4a9dce962740078c4eb1972e48e176\input\target.wav  reference=C:\Users\goku\Documents\SS-hangman-game\backend\data\jobs\ae4a9dce962740078c4eb1972e48e176\input\reference.mp3
19:04:26  auralmind  INFO  [master] audio loaded  sr=48000  dur=188.3s  (4.776s)
19:04:45  auralmind  INFO  [master] match-EQ + FIR convolution (auto)  (16.671s)
19:04:55  auralmind  INFO  [master] stereo enhancements  (4.353s)
19:05:06  auralmind  INFO  [master] microdetail recovery  (11.050s)
19:07:58  auralmind  INFO  [master] transient sculpt  enabled=True  (13.035s)
19:17:41  auralmind  INFO  [master] governor + limiter + write  LUFS=-17.8  TP=-1.00 dBFS  GR=-11.87 dB  (582.281s)
19:17:41  auralmind  INFO  [master] TOTAL runtime=799.16s  out=C:\Users\goku\Documents\SS-hangman-game\backend\data\jobs\ae4a9dce962740078c4eb1972e48e176\output\mastered.wav
{
  "preset": "hi_fi_streaming",
  "sr": 48000,
  "target_lufs_requested": -11.0,
  "governor_target_lufs": -12.8,
  "governor_steps": 11,
  "governor_gr_limit_db": -1.0,
  "lufs_pre": -18.46525135969827,
  "lufs_post": -17.84866115953201,
  "true_peak_dbfs": -0.9999991282316669,
  "limiter_mode": "v2",
  "limiter_min_gain_db": -11.873510938066456,
  "limiter_avg_gr_db": -3.323278884711685,
  "sub_f0_hz": 92.83447265625,
  "mono_sub_cutoff_hz": 110.0,
  "mono_sub_mix": 0.5,
  "microdetail": {
    "enabled": 1.0,
    "corr": 0.9671771464494163,
    "guard": 1.0,
    "eff_amount": 0.18,
    "threshold_db": -35.0,
    "max_boost_db": 3.0,
    "mix": 0.55
  },
  "movement": {
    "enabled": true,
    "amount": 0.1
  },
  "hooklift": {
    "enabled": true,
    "mix": 0.28,
    "air_hz": 7200.0,
    "width_gain": 0.18,
    "air_gain": 0.14,
    "auto": true,
    "auto_percentile": 75.0
  },
  "stems": {
    "enabled": false
  },
  "transient_sculpt": {
    "enabled": true,
    "boost_db": 0.9826372921603659,
    "mix": 0.32,
    "crest_db": 17.694658383680103,
    "guard": 0.4272336052871156,
    "max_transient_gain_db": 0.9826372861862183
  },
  "runtime_sec": 799.1579804420471,
  "out_path": "C:\\Users\\goku\\Documents\\SS-hangman-game\\backend\\data\\jobs\\ae4a9dce962740078c4eb1972e48e176\\output\\mastered.wav"
}
