22:40:00  auralmind  INFO  [master] preset=club  target=C:\Users\goku\Documents\SS-hangman-game\backend\data\jobs\744d5e0e36f249ffa6e3ce9c00bd0196\input\target.wav  reference=C:\Users\goku\Documents\SS-hangman-game\backend\data\jobs\744d5e0e36f249ffa6e3ce9c00bd0196\input\reference.mp3
22:40:03  auralmind  INFO  [master] audio loaded  sr=48000  dur=214.8s  (2.827s)
22:48:51  auralmind  INFO  [master] match-EQ + FIR convolution (auto)  (7.932s)
22:49:00  auralmind  INFO  [master] stereo enhancements  (3.905s)
22:49:10  auralmind  INFO  [master] microdetail recovery  (10.021s)
22:51:43  auralmind  INFO  [master] transient sculpt  enabled=False  (6.912s)
22:57:08  auralmind  INFO  [master] governor + limiter + write  LUFS=-16.2  TP=-1.00 dBFS  GR=-12.54 dB  (325.383s)
22:57:08  auralmind  INFO  [master] TOTAL runtime=1028.63s  out=C:\Users\goku\Documents\SS-hangman-game\backend\data\jobs\744d5e0e36f249ffa6e3ce9c00bd0196\output\mastered.wav
{
  "preset": "club",
  "sr": 48000,
  "target_lufs_requested": -10.4,
  "governor_target_lufs": -12.2,
  "governor_steps": 11,
  "governor_gr_limit_db": -1.6,
  "lufs_pre": -20.707405714839343,
  "lufs_post": -16.23198153256821,
  "true_peak_dbfs": -1.0000002900129947,
  "limiter_mode": "v2",
  "limiter_min_gain_db": -12.539433752907271,
  "limiter_avg_gr_db": -2.679443767965069,
  "sub_f0_hz": 93.75,
  "mono_sub_cutoff_hz": 110.0,
  "mono_sub_mix": 0.55,
  "microdetail": {
    "enabled": 1.0,
    "corr": 0.81761853084293,
    "guard": 1.0,
    "eff_amount": 0.22,
    "threshold_db": -34.0,
    "max_boost_db": 3.5,
    "mix": 0.65
  },
  "movement": {
    "enabled": true,
    "amount": 0.1
  },
  "hooklift": {
    "enabled": true,
    "mix": 0.22,
    "air_hz": 7200.0,
    "width_gain": 0.18,
    "air_gain": 0.14,
    "auto": true,
    "auto_percentile": 75.0
  },
  "stems": {
    "enabled": true,
    "model_name": "htdemucs",
    "device": "cpu",
    "split": true,
    "overlap": 0.25,
    "shifts": 1,
    "model_sr": 48000,
    "sr": 48000,
    "sources": [
      "drums",
      "bass",
      "other",
      "vocals"
    ]
  },
  "transient_sculpt": {
    "enabled": false,
    "crest_db": 20.8302090483314,
    "guard": 0.0
  },
  "runtime_sec": 1028.6322438716888,
  "out_path": "C:\\Users\\goku\\Documents\\SS-hangman-game\\backend\\data\\jobs\\744d5e0e36f249ffa6e3ce9c00bd0196\\output\\mastered.wav"
}
