18:27:29  auralmind  INFO  [master] preset=cinematic  target=C:\Users\goku\Documents\SS-hangman-game\backend\data\jobs\be9e025124e0486e85ad86e27c926aed\input\target.wav  reference=C:\Users\goku\Documents\SS-hangman-game\backend\data\jobs\be9e025124e0486e85ad86e27c926aed\input\reference.mp3
18:27:34  auralmind  INFO  [master] audio loaded  sr=48000  dur=217.4s  (5.636s)
18:27:56  auralmind  INFO  [master] match-EQ + FIR convolution (auto)  (19.230s)
18:28:08  auralmind  INFO  [master] stereo enhancements  (5.530s)
18:28:20  auralmind  INFO  [master] microdetail recovery  (12.761s)
18:32:05  auralmind  INFO  [master] transient sculpt  enabled=True  (13.509s)
18:41:19  auralmind  INFO  [master] governor + limiter + write  LUFS=-17.4  TP=-1.00 dBFS  GR=-10.71 dB  (553.566s)
18:41:19  auralmind  INFO  [master] TOTAL runtime=829.82s  out=C:\Users\goku\Documents\SS-hangman-game\backend\data\jobs\be9e025124e0486e85ad86e27c926aed\output\mastered.wav
{
  "preset": "cinematic",
  "sr": 48000,
  "target_lufs_requested": -11.0,
  "governor_target_lufs": -12.8,
  "governor_steps": 11,
  "governor_gr_limit_db": -0.8,
  "lufs_pre": -18.291782075297178,
  "lufs_post": -17.3758456357014,
  "true_peak_dbfs": -0.9999997091223114,
  "limiter_mode": "v2",
  "limiter_min_gain_db": -10.708900180560036,
  "limiter_avg_gr_db": -3.1725785184517736,
  "sub_f0_hz": 87.5244140625,
  "mono_sub_cutoff_hz": 110.0,
  "mono_sub_mix": 0.48,
  "microdetail": {
    "enabled": 1.0,
    "corr": 0.8544195202719918,
    "guard": 1.0,
    "eff_amount": 0.16,
    "threshold_db": -36.0,
    "max_boost_db": 2.5,
    "mix": 0.5
  },
  "movement": {
    "enabled": true,
    "amount": 0.1
  },
  "hooklift": {
    "enabled": true,
    "mix": 0.28,
    "air_hz": 7200.0,
    "width_gain": 0.18,
    "air_gain": 0.14,
    "auto": true,
    "auto_percentile": 75.0
  },
  "stems": {
    "enabled": false
  },
  "transient_sculpt": {
    "enabled": true,
    "boost_db": 0.9792314291035125,
    "mix": 0.26,
    "crest_db": 17.698645761742124,
    "guard": 0.42575279526239673,
    "max_transient_gain_db": 0.9792314171791077
  },
  "runtime_sec": 829.8243219852448,
  "out_path": "C:\\Users\\goku\\Documents\\SS-hangman-game\\backend\\data\\jobs\\be9e025124e0486e85ad86e27c926aed\\output\\mastered.wav"
}
