00:39:34  auralmind  INFO  [master] preset=radio_loud  target=C:\Users\goku\Documents\SS-hangman-game\backend\data\jobs\a0c32e7459a445f4941a82f4d5a48138\input\target.wav  reference=C:\Users\goku\Documents\SS-hangman-game\backend\data\jobs\a0c32e7459a445f4941a82f4d5a48138\input\reference.mp3
00:39:37  auralmind  INFO  [master] audio loaded  sr=48000  dur=207.6s  (2.767s)
00:45:41  auralmind  INFO  [master] match-EQ + FIR convolution (auto)  (8.880s)
00:45:52  auralmind  INFO  [master] stereo enhancements  (4.728s)
00:46:02  auralmind  INFO  [master] microdetail recovery  (10.574s)
00:49:11  auralmind  INFO  [master] transient sculpt  enabled=True  (12.559s)
00:54:18  auralmind  INFO  [master] governor + limiter + write  LUFS=-15.9  TP=-1.00 dBFS  GR=-9.16 dB  (306.864s)
00:54:18  auralmind  INFO  [master] TOTAL runtime=884.12s  out=C:\Users\goku\Documents\SS-hangman-game\backend\data\jobs\a0c32e7459a445f4941a82f4d5a48138\output\mastered.wav
{
  "preset": "radio_loud",
  "sr": 48000,
  "target_lufs_requested": -11.0,
  "governor_target_lufs": -12.8,
  "governor_steps": 11,
  "governor_gr_limit_db": -1.3,
  "lufs_pre": -21.436221293747835,
  "lufs_post": -15.877463131966456,
  "true_peak_dbfs": -0.9999997091223114,
  "limiter_mode": "v2",
  "limiter_min_gain_db": -9.160465025965939,
  "limiter_avg_gr_db": -1.9794826547983955,
  "sub_f0_hz": 96.6796875,
  "mono_sub_cutoff_hz": 110.0,
  "mono_sub_mix": 0.52,
  "microdetail": {
    "enabled": 1.0,
    "corr": 0.9241123957274092,
    "guard": 1.0,
    "eff_amount": 0.2,
    "threshold_db": -34.0,
    "max_boost_db": 3.2,
    "mix": 0.6
  },
  "movement": {
    "enabled": true,
    "amount": 0.1
  },
  "hooklift": {
    "enabled": true,
    "mix": 0.2,
    "air_hz": 7200.0,
    "width_gain": 0.18,
    "air_gain": 0.14,
    "auto": true,
    "auto_percentile": 75.0
  },
  "stems": {
    "enabled": true,
    "model_name": "htdemucs",
    "device": "cpu",
    "split": true,
    "overlap": 0.25,
    "shifts": 1,
    "model_sr": 48000,
    "sr": 48000,
    "sources": [
      "drums",
      "bass",
      "other",
      "vocals"
    ]
  },
  "transient_sculpt": {
    "enabled": true,
    "boost_db": 0.2490785807369545,
    "mix": 0.34,
    "crest_db": 18.662254435922424,
    "guard": 0.11321753669861567,
    "max_transient_gain_db": 0.24907858669757843
  },
  "runtime_sec": 884.1171395778656,
  "out_path": "C:\\Users\\goku\\Documents\\SS-hangman-game\\backend\\data\\jobs\\a0c32e7459a445f4941a82f4d5a48138\\output\\mastered.wav"
}
