23:08:37  auralmind  INFO  [master] preset=cinematic  target=C:\Users\goku\Documents\SS-hangman-game\backend\data\jobs\f42f968664c34807a80f8b96f0a64781\input\target.wav  reference=C:\Users\goku\Documents\SS-hangman-game\backend\data\jobs\f42f968664c34807a80f8b96f0a64781\input\reference.mp3
23:08:39  auralmind  INFO  [master] audio loaded  sr=48000  dur=142.5s  (1.751s)
23:08:45  auralmind  INFO  [master] match-EQ + FIR convolution (auto)  (4.517s)
23:08:51  auralmind  INFO  [master] stereo enhancements  (2.934s)
23:08:58  auralmind  INFO  [master] microdetail recovery  (6.904s)
23:10:51  auralmind  INFO  [master] transient sculpt  enabled=True  (8.997s)
23:16:28  auralmind  INFO  [master] governor + limiter + write  LUFS=-17.6  TP=-1.00 dBFS  GR=-4.50 dB  (337.320s)
23:16:28  auralmind  INFO  [master] TOTAL runtime=470.62s  out=C:\Users\goku\Documents\SS-hangman-game\backend\data\jobs\f42f968664c34807a80f8b96f0a64781\output\mastered.wav
{
  "preset": "cinematic",
  "sr": 48000,
  "target_lufs_requested": -14.5,
  "governor_target_lufs": -16.3,
  "governor_steps": 11,
  "governor_gr_limit_db": -0.8,
  "lufs_pre": -21.901432549561292,
  "lufs_post": -17.570112282790998,
  "true_peak_dbfs": -0.9999991282316669,
  "limiter_mode": "v2",
  "limiter_min_gain_db": -4.495869433056447,
  "limiter_avg_gr_db": -1.167895429683403,
  "sub_f0_hz": 101.98974609375,
  "mono_sub_cutoff_hz": 110.0,
  "mono_sub_mix": 0.48,
  "microdetail": {
    "enabled": 1.0,
    "corr": 0.9194552851348224,
    "guard": 1.0,
    "eff_amount": 0.16,
    "threshold_db": -36.0,
    "max_boost_db": 2.5,
    "mix": 0.5
  },
  "movement": {
    "enabled": true,
    "amount": 0.1
  },
  "hooklift": {
    "enabled": true,
    "mix": 0.14,
    "air_hz": 7200.0,
    "width_gain": 0.18,
    "air_gain": 0.14,
    "auto": true,
    "auto_percentile": 75.0
  },
  "stems": {
    "enabled": false
  },
  "transient_sculpt": {
    "enabled": true,
    "boost_db": 1.6,
    "mix": 0.26,
    "crest_db": 15.213301656643464,
    "guard": 1.0,
    "max_transient_gain_db": 1.600000023841858
  },
  "runtime_sec": 470.61934208869934,
  "out_path": "C:\\Users\\goku\\Documents\\SS-hangman-game\\backend\\data\\jobs\\f42f968664c34807a80f8b96f0a64781\\output\\mastered.wav"
}
