19:17:52  auralmind  INFO  [master] preset=club  target=C:\Users\goku\Documents\SS-hangman-game\backend\data\jobs\c355803c565a406bb259c299ce2391ec\input\target.wav  reference=C:\Users\goku\Documents\SS-hangman-game\backend\data\jobs\c355803c565a406bb259c299ce2391ec\input\reference.mp3
19:17:57  auralmind  INFO  [master] audio loaded  sr=48000  dur=188.3s  (4.873s)
19:23:54  auralmind  INFO  [master] match-EQ + FIR convolution (auto)  (17.876s)
19:24:03  auralmind  INFO  [master] stereo enhancements  (4.276s)
19:24:13  auralmind  INFO  [master] microdetail recovery  (10.137s)
19:27:06  auralmind  INFO  [master] transient sculpt  enabled=True  (13.565s)
19:33:15  auralmind  INFO  [master] governor + limiter + write  LUFS=-17.5  TP=-1.00 dBFS  GR=-12.42 dB  (369.206s)
19:33:15  auralmind  INFO  [master] TOTAL runtime=923.12s  out=C:\Users\goku\Documents\SS-hangman-game\backend\data\jobs\c355803c565a406bb259c299ce2391ec\output\mastered.wav
{
  "preset": "club",
  "sr": 48000,
  "target_lufs_requested": -11.0,
  "governor_target_lufs": -12.8,
  "governor_steps": 11,
  "governor_gr_limit_db": -1.6,
  "lufs_pre": -18.61306913814822,
  "lufs_post": -17.52398020773435,
  "true_peak_dbfs": -0.9999997091223114,
  "limiter_mode": "v2",
  "limiter_min_gain_db": -12.419161891638446,
  "limiter_avg_gr_db": -2.9344569355662173,
  "sub_f0_hz": 92.83447265625,
  "mono_sub_cutoff_hz": 110.0,
  "mono_sub_mix": 0.55,
  "microdetail": {
    "enabled": 1.0,
    "corr": 0.9680794805855595,
    "guard": 1.0,
    "eff_amount": 0.22,
    "threshold_db": -34.0,
    "max_boost_db": 3.5,
    "mix": 0.65
  },
  "movement": {
    "enabled": true,
    "amount": 0.1
  },
  "hooklift": {
    "enabled": true,
    "mix": 0.28,
    "air_hz": 7200.0,
    "width_gain": 0.18,
    "air_gain": 0.14,
    "auto": true,
    "auto_percentile": 75.0
  },
  "stems": {
    "enabled": true,
    "model_name": "htdemucs",
    "device": "cpu",
    "split": true,
    "overlap": 0.25,
    "shifts": 1,
    "model_sr": 48000,
    "sr": 48000,
    "sources": [
      "drums",
      "bass",
      "other",
      "vocals"
    ]
  },
  "transient_sculpt": {
    "enabled": true,
    "boost_db": 0.06752105925042068,
    "mix": 0.38,
    "crest_db": 19.09005788050164,
    "guard": 0.0293569822827916,
    "max_transient_gain_db": 0.06752105802297592
  },
  "runtime_sec": 923.1173942089081,
  "out_path": "C:\\Users\\goku\\Documents\\SS-hangman-game\\backend\\data\\jobs\\c355803c565a406bb259c299ce2391ec\\output\\mastered.wav"
}
