19:49:57  auralmind  INFO  [master] preset=radio_loud  target=C:\Users\goku\Documents\SS-hangman-game\backend\data\jobs\35b89877fc6d49ab9ba607d7c7594649\input\target.wav  reference=C:\Users\goku\Documents\SS-hangman-game\backend\data\jobs\35b89877fc6d49ab9ba607d7c7594649\input\reference.mp3
19:50:03  auralmind  INFO  [master] audio loaded  sr=48000  dur=360.7s  (5.754s)
20:01:02  auralmind  INFO  [master] match-EQ + FIR convolution (auto)  (23.864s)
20:01:19  auralmind  INFO  [master] stereo enhancements  (7.934s)
20:01:41  auralmind  INFO  [master] microdetail recovery  (21.673s)
20:06:45  auralmind  INFO  [master] transient sculpt  enabled=False  (14.652s)
20:15:17  auralmind  INFO  [master] governor + limiter + write  LUFS=-16.7  TP=-1.00 dBFS  GR=-10.95 dB  (511.609s)
20:15:17  auralmind  INFO  [master] TOTAL runtime=1519.96s  out=C:\Users\goku\Documents\SS-hangman-game\backend\data\jobs\35b89877fc6d49ab9ba607d7c7594649\output\mastered.wav
{
  "preset": "radio_loud",
  "sr": 48000,
  "target_lufs_requested": -11.0,
  "governor_target_lufs": -12.8,
  "governor_steps": 11,
  "governor_gr_limit_db": -1.3,
  "lufs_pre": -18.62827924714645,
  "lufs_post": -16.656579546406572,
  "true_peak_dbfs": -1.000000870903717,
  "limiter_mode": "v2",
  "limiter_min_gain_db": -10.947919309940154,
  "limiter_avg_gr_db": -3.10097531262483,
  "sub_f0_hz": 69.76318359375,
  "mono_sub_cutoff_hz": 110.0,
  "mono_sub_mix": 0.5550239456653391,
  "microdetail": {
    "enabled": 1.0,
    "corr": 0.8732654895092001,
    "guard": 1.0,
    "eff_amount": 0.2,
    "threshold_db": -34.0,
    "max_boost_db": 3.2,
    "mix": 0.6
  },
  "movement": {
    "enabled": true,
    "amount": 0.1
  },
  "hooklift": {
    "enabled": true,
    "mix": 0.28,
    "air_hz": 7200.0,
    "width_gain": 0.18,
    "air_gain": 0.14,
    "auto": true,
    "auto_percentile": 75.0
  },
  "stems": {
    "enabled": true,
    "model_name": "htdemucs",
    "device": "cpu",
    "split": true,
    "overlap": 0.25,
    "shifts": 1,
    "model_sr": 48000,
    "sr": 48000,
    "sources": [
      "drums",
      "bass",
      "other",
      "vocals"
    ]
  },
  "transient_sculpt": {
    "enabled": false,
    "crest_db": 19.615886944993242,
    "guard": 0.0
  },
  "runtime_sec": 1519.965564250946,
  "out_path": "C:\\Users\\goku\\Documents\\SS-hangman-game\\backend\\data\\jobs\\35b89877fc6d49ab9ba607d7c7594649\\output\\mastered.wav"
}
