23:58:12  auralmind  INFO  [master] preset=cinematic  target=C:\Users\goku\Documents\SS-hangman-game\backend\data\jobs\fc5058a3ca5c48bfa3d3557b1d3e55f2\input\target.wav  reference=C:\Users\goku\Documents\SS-hangman-game\backend\data\jobs\fc5058a3ca5c48bfa3d3557b1d3e55f2\input\reference.mp3
23:58:15  auralmind  INFO  [master] audio loaded  sr=48000  dur=207.6s  (2.904s)
23:58:25  auralmind  INFO  [master] match-EQ + FIR convolution (auto)  (7.377s)
23:58:35  auralmind  INFO  [master] stereo enhancements  (4.791s)
23:58:45  auralmind  INFO  [master] microdetail recovery  (10.370s)
00:01:53  auralmind  INFO  [master] transient sculpt  enabled=True  (15.679s)
00:14:38  auralmind  INFO  [master] governor + limiter + write  LUFS=-17.8  TP=-1.00 dBFS  GR=-4.22 dB  (764.908s)
00:14:38  auralmind  INFO  [master] TOTAL runtime=985.70s  out=C:\Users\goku\Documents\SS-hangman-game\backend\data\jobs\fc5058a3ca5c48bfa3d3557b1d3e55f2\output\mastered.wav
{
  "preset": "cinematic",
  "sr": 48000,
  "target_lufs_requested": -14.5,
  "governor_target_lufs": -16.3,
  "governor_steps": 11,
  "governor_gr_limit_db": -0.8,
  "lufs_pre": -17.811174379248875,
  "lufs_post": -17.766494173392807,
  "true_peak_dbfs": -0.9999997091223114,
  "limiter_mode": "v2",
  "limiter_min_gain_db": -4.22426639391651,
  "limiter_avg_gr_db": -1.4224269773554234,
  "sub_f0_hz": 96.86279296875,
  "mono_sub_cutoff_hz": 110.0,
  "mono_sub_mix": 0.48,
  "microdetail": {
    "enabled": 1.0,
    "corr": 0.8998817438081507,
    "guard": 1.0,
    "eff_amount": 0.16,
    "threshold_db": -36.0,
    "max_boost_db": 2.5,
    "mix": 0.5
  },
  "movement": {
    "enabled": true,
    "amount": 0.1
  },
  "hooklift": {
    "enabled": true,
    "mix": 0.14,
    "air_hz": 7200.0,
    "width_gain": 0.18,
    "air_gain": 0.14,
    "auto": true,
    "auto_percentile": 75.0
  },
  "stems": {
    "enabled": false
  },
  "transient_sculpt": {
    "enabled": true,
    "boost_db": 1.5993456708390579,
    "mix": 0.26,
    "crest_db": 15.546885767273594,
    "guard": 0.9995910442744111,
    "max_transient_gain_db": 1.5993456840515137
  },
  "runtime_sec": 985.7006413936615,
  "out_path": "C:\\Users\\goku\\Documents\\SS-hangman-game\\backend\\data\\jobs\\fc5058a3ca5c48bfa3d3557b1d3e55f2\\output\\mastered.wav"
}
