00:30:37  auralmind  INFO  [master] preset=cinematic  target=C:\Users\goku\Documents\SS-hangman-game\backend\data\jobs\8fbe5bd886244325ad60970051fc8592\input\target.wav  reference=C:\Users\goku\Documents\SS-hangman-game\backend\data\jobs\8fbe5bd886244325ad60970051fc8592\input\reference.mp3
00:30:39  auralmind  INFO  [master] audio loaded  sr=48000  dur=142.5s  (2.382s)
00:30:46  auralmind  INFO  [master] match-EQ + FIR convolution (auto)  (5.184s)
00:30:52  auralmind  INFO  [master] stereo enhancements  (3.010s)
00:31:00  auralmind  INFO  [master] microdetail recovery  (7.425s)
00:32:54  auralmind  INFO  [master] transient sculpt  enabled=True  (9.525s)
00:39:24  auralmind  INFO  [master] governor + limiter + write  LUFS=-18.0  TP=-1.00 dBFS  GR=-5.43 dB  (389.745s)
00:39:24  auralmind  INFO  [master] TOTAL runtime=526.80s  out=C:\Users\goku\Documents\SS-hangman-game\backend\data\jobs\8fbe5bd886244325ad60970051fc8592\output\mastered.wav
{
  "preset": "cinematic",
  "sr": 48000,
  "target_lufs_requested": -14.5,
  "governor_target_lufs": -16.3,
  "governor_steps": 11,
  "governor_gr_limit_db": -0.8,
  "lufs_pre": -17.79756328763386,
  "lufs_post": -18.025150031055635,
  "true_peak_dbfs": -1.0000002900129947,
  "limiter_mode": "v2",
  "limiter_min_gain_db": -5.426809256770294,
  "limiter_avg_gr_db": -1.567650994854708,
  "sub_f0_hz": 101.98974609375,
  "mono_sub_cutoff_hz": 110.0,
  "mono_sub_mix": 0.48,
  "microdetail": {
    "enabled": 1.0,
    "corr": 0.9197978273797301,
    "guard": 1.0,
    "eff_amount": 0.16,
    "threshold_db": -36.0,
    "max_boost_db": 2.5,
    "mix": 0.5
  },
  "movement": {
    "enabled": true,
    "amount": 0.1
  },
  "hooklift": {
    "enabled": true,
    "mix": 0.14,
    "air_hz": 7200.0,
    "width_gain": 0.18,
    "air_gain": 0.14,
    "auto": true,
    "auto_percentile": 75.0
  },
  "stems": {
    "enabled": false
  },
  "transient_sculpt": {
    "enabled": true,
    "boost_db": 1.5917859714916862,
    "mix": 0.26,
    "crest_db": 15.667833300938849,
    "guard": 0.9948662321823039,
    "max_transient_gain_db": 1.5917860269546509
  },
  "runtime_sec": 526.7999413013458,
  "out_path": "C:\\Users\\goku\\Documents\\SS-hangman-game\\backend\\data\\jobs\\8fbe5bd886244325ad60970051fc8592\\output\\mastered.wav"
}
