19:24:56  auralmind  INFO  [master] preset=hi_fi_streaming  target=C:\Users\goku\Documents\SS-hangman-game\backend\data\jobs\019f4fdeae574704a52911288ecd8cd5\input\target.wav  reference=C:\Users\goku\Documents\SS-hangman-game\backend\data\jobs\019f4fdeae574704a52911288ecd8cd5\input\reference.mp3
19:25:02  auralmind  INFO  [master] audio loaded  sr=48000  dur=360.7s  (5.799s)
19:25:31  auralmind  INFO  [master] match-EQ + FIR convolution (auto)  (25.182s)
19:25:52  auralmind  INFO  [master] stereo enhancements  (8.825s)
19:26:11  auralmind  INFO  [master] microdetail recovery  (19.599s)
19:32:06  auralmind  INFO  [master] transient sculpt  enabled=True  (28.792s)
19:49:45  auralmind  INFO  [master] governor + limiter + write  LUFS=-17.4  TP=-1.00 dBFS  GR=-11.07 dB  (1059.789s)
19:49:45  auralmind  INFO  [master] TOTAL runtime=1489.05s  out=C:\Users\goku\Documents\SS-hangman-game\backend\data\jobs\019f4fdeae574704a52911288ecd8cd5\output\mastered.wav
{
  "preset": "hi_fi_streaming",
  "sr": 48000,
  "target_lufs_requested": -11.0,
  "governor_target_lufs": -12.8,
  "governor_steps": 11,
  "governor_gr_limit_db": -1.0,
  "lufs_pre": -18.64098991800953,
  "lufs_post": -17.392000347346382,
  "true_peak_dbfs": -1.000000870903717,
  "limiter_mode": "v2",
  "limiter_min_gain_db": -11.071171641725607,
  "limiter_avg_gr_db": -3.8295885452592513,
  "sub_f0_hz": 69.76318359375,
  "mono_sub_cutoff_hz": 110.0,
  "mono_sub_mix": 0.5351579142585143,
  "microdetail": {
    "enabled": 1.0,
    "corr": 0.8724867283671516,
    "guard": 1.0,
    "eff_amount": 0.18,
    "threshold_db": -35.0,
    "max_boost_db": 3.0,
    "mix": 0.55
  },
  "movement": {
    "enabled": true,
    "amount": 0.1
  },
  "hooklift": {
    "enabled": true,
    "mix": 0.28,
    "air_hz": 7200.0,
    "width_gain": 0.18,
    "air_gain": 0.14,
    "auto": true,
    "auto_percentile": 75.0
  },
  "stems": {
    "enabled": false
  },
  "transient_sculpt": {
    "enabled": true,
    "boost_db": 0.1002389417580714,
    "mix": 0.32,
    "crest_db": 18.99627308530624,
    "guard": 0.04358214859046583,
    "max_transient_gain_db": 0.10023894160985947
  },
  "runtime_sec": 1489.0552594661713,
  "out_path": "C:\\Users\\goku\\Documents\\SS-hangman-game\\backend\\data\\jobs\\019f4fdeae574704a52911288ecd8cd5\\output\\mastered.wav"
}
