00:48:46  auralmind  INFO  [master] preset=cinematic  target=C:\Users\goku\Documents\SS-hangman-game\backend\data\jobs\15c53c8b2dea407ab232127bb71773e4\input\target.wav  reference=C:\Users\goku\Documents\SS-hangman-game\backend\data\jobs\15c53c8b2dea407ab232127bb71773e4\input\reference.mp3
00:48:49  auralmind  INFO  [master] audio loaded  sr=48000  dur=177.3s  (2.408s)
00:48:56  auralmind  INFO  [master] match-EQ + FIR convolution (auto)  (5.842s)
00:49:03  auralmind  INFO  [master] stereo enhancements  (3.367s)
00:49:11  auralmind  INFO  [master] microdetail recovery  (7.777s)
00:51:13  auralmind  INFO  [master] transient sculpt  enabled=True  (9.787s)
00:58:03  auralmind  INFO  [master] governor + limiter + write  LUFS=-18.4  TP=-1.00 dBFS  GR=-6.70 dB  (410.001s)
00:58:03  auralmind  INFO  [master] TOTAL runtime=556.73s  out=C:\Users\goku\Documents\SS-hangman-game\backend\data\jobs\15c53c8b2dea407ab232127bb71773e4\output\mastered.wav
{
  "preset": "cinematic",
  "sr": 48000,
  "target_lufs_requested": -14.5,
  "governor_target_lufs": -16.3,
  "governor_steps": 11,
  "governor_gr_limit_db": -0.8,
  "lufs_pre": -18.794605087230806,
  "lufs_post": -18.37788769454891,
  "true_peak_dbfs": -0.9999979664504948,
  "limiter_mode": "v2",
  "limiter_min_gain_db": -6.699569795875795,
  "limiter_avg_gr_db": -1.8576160900267156,
  "sub_f0_hz": 86.7919921875,
  "mono_sub_cutoff_hz": 110.0,
  "mono_sub_mix": 0.48,
  "microdetail": {
    "enabled": 1.0,
    "corr": 0.6421137190039936,
    "guard": 1.0,
    "eff_amount": 0.16,
    "threshold_db": -36.0,
    "max_boost_db": 2.5,
    "mix": 0.5
  },
  "movement": {
    "enabled": true,
    "amount": 0.1
  },
  "hooklift": {
    "enabled": true,
    "mix": 0.14,
    "air_hz": 7200.0,
    "width_gain": 0.18,
    "air_gain": 0.14,
    "auto": true,
    "auto_percentile": 75.0
  },
  "stems": {
    "enabled": false
  },
  "transient_sculpt": {
    "enabled": true,
    "boost_db": 0.08839983096247882,
    "mix": 0.26,
    "crest_db": 18.929354196661187,
    "guard": 0.055249894351549256,
    "max_transient_gain_db": 0.08839982748031616
  },
  "runtime_sec": 556.7262282371521,
  "out_path": "C:\\Users\\goku\\Documents\\SS-hangman-game\\backend\\data\\jobs\\15c53c8b2dea407ab232127bb71773e4\\output\\mastered.wav"
}
