23:24:07  auralmind  INFO  [master] preset=cinematic  target=C:\Users\goku\Documents\SS-hangman-game\backend\data\jobs\166b715a90e84f688c0ba9f555ef5caa\input\target.wav  reference=C:\Users\goku\Documents\SS-hangman-game\backend\data\jobs\166b715a90e84f688c0ba9f555ef5caa\input\reference.mp3
23:24:09  auralmind  INFO  [master] audio loaded  sr=48000  dur=187.6s  (2.210s)
23:24:16  auralmind  INFO  [master] match-EQ + FIR convolution (auto)  (4.687s)
23:24:23  auralmind  INFO  [master] stereo enhancements  (3.556s)
23:24:31  auralmind  INFO  [master] microdetail recovery  (7.208s)
23:26:46  auralmind  INFO  [master] transient sculpt  enabled=True  (10.693s)
23:34:55  auralmind  INFO  [master] governor + limiter + write  LUFS=-17.4  TP=-1.00 dBFS  GR=-2.77 dB  (488.952s)
23:34:55  auralmind  INFO  [master] TOTAL runtime=647.98s  out=C:\Users\goku\Documents\SS-hangman-game\backend\data\jobs\166b715a90e84f688c0ba9f555ef5caa\output\mastered.wav
{
  "preset": "cinematic",
  "sr": 48000,
  "target_lufs_requested": -14.5,
  "governor_target_lufs": -16.3,
  "governor_steps": 11,
  "governor_gr_limit_db": -0.8,
  "lufs_pre": -14.535224280526792,
  "lufs_post": -17.35441767071186,
  "true_peak_dbfs": -1.0000026135761162,
  "limiter_mode": "v2",
  "limiter_min_gain_db": -2.772443610943292,
  "limiter_avg_gr_db": -1.0534360661452373,
  "sub_f0_hz": 59.87548828125,
  "mono_sub_cutoff_hz": 110.0,
  "mono_sub_mix": 0.69,
  "microdetail": {
    "enabled": 1.0,
    "corr": 0.6313270205625982,
    "guard": 1.0,
    "eff_amount": 0.16,
    "threshold_db": -36.0,
    "max_boost_db": 2.5,
    "mix": 0.5
  },
  "movement": {
    "enabled": true,
    "amount": 0.1
  },
  "hooklift": {
    "enabled": true,
    "mix": 0.14,
    "air_hz": 7200.0,
    "width_gain": 0.18,
    "air_gain": 0.14,
    "auto": true,
    "auto_percentile": 75.0
  },
  "stems": {
    "enabled": false
  },
  "transient_sculpt": {
    "enabled": true,
    "boost_db": 1.6,
    "mix": 0.26,
    "crest_db": 15.03584924709785,
    "guard": 1.0,
    "max_transient_gain_db": 1.600000023841858
  },
  "runtime_sec": 647.9785985946655,
  "out_path": "C:\\Users\\goku\\Documents\\SS-hangman-game\\backend\\data\\jobs\\166b715a90e84f688c0ba9f555ef5caa\\output\\mastered.wav"
}
