22:57:17  auralmind  INFO  [master] preset=cinematic  target=C:\Users\goku\Documents\SS-hangman-game\backend\data\jobs\d8e6b246578f4fefb7cd3bf9f669251b\input\target.wav  reference=C:\Users\goku\Documents\SS-hangman-game\backend\data\jobs\d8e6b246578f4fefb7cd3bf9f669251b\input\reference.mp3
22:57:19  auralmind  INFO  [master] audio loaded  sr=48000  dur=185.0s  (2.210s)
22:57:27  auralmind  INFO  [master] match-EQ + FIR convolution (auto)  (5.618s)
22:57:34  auralmind  INFO  [master] stereo enhancements  (3.479s)
22:57:43  auralmind  INFO  [master] microdetail recovery  (8.378s)
22:59:49  auralmind  INFO  [master] transient sculpt  enabled=True  (11.774s)
23:08:26  auralmind  INFO  [master] governor + limiter + write  LUFS=-16.9  TP=-1.00 dBFS  GR=-1.81 dB  (516.853s)
23:08:26  auralmind  INFO  [master] TOTAL runtime=669.17s  out=C:\Users\goku\Documents\SS-hangman-game\backend\data\jobs\d8e6b246578f4fefb7cd3bf9f669251b\output\mastered.wav
{
  "preset": "cinematic",
  "sr": 48000,
  "target_lufs_requested": -14.5,
  "governor_target_lufs": -16.3,
  "governor_steps": 11,
  "governor_gr_limit_db": -0.8,
  "lufs_pre": -20.151588041570104,
  "lufs_post": -16.85550651135581,
  "true_peak_dbfs": -1.0000020326852774,
  "limiter_mode": "v2",
  "limiter_min_gain_db": -1.8069856052788793,
  "limiter_avg_gr_db": -0.5515440675902954,
  "sub_f0_hz": 95.76416015625,
  "mono_sub_cutoff_hz": 110.0,
  "mono_sub_mix": 0.48,
  "microdetail": {
    "enabled": 1.0,
    "corr": 1.0,
    "guard": 1.0,
    "eff_amount": 0.16,
    "threshold_db": -36.0,
    "max_boost_db": 2.5,
    "mix": 0.5
  },
  "movement": {
    "enabled": true,
    "amount": 0.1
  },
  "hooklift": {
    "enabled": true,
    "mix": 0.14,
    "air_hz": 7200.0,
    "width_gain": 0.18,
    "air_gain": 0.14,
    "auto": true,
    "auto_percentile": 75.0
  },
  "stems": {
    "enabled": false
  },
  "transient_sculpt": {
    "enabled": true,
    "boost_db": 1.6,
    "mix": 0.26,
    "crest_db": 15.15701554806537,
    "guard": 1.0,
    "max_transient_gain_db": 1.600000023841858
  },
  "runtime_sec": 669.1677002906799,
  "out_path": "C:\\Users\\goku\\Documents\\SS-hangman-game\\backend\\data\\jobs\\d8e6b246578f4fefb7cd3bf9f669251b\\output\\mastered.wav"
}
