22:24:16  auralmind  INFO  [master] preset=cinematic  target=C:\Users\goku\Documents\SS-hangman-game\backend\data\jobs\68333e17b7a44c4d9c9414d3ea417230\input\target.wav  reference=C:\Users\goku\Documents\SS-hangman-game\backend\data\jobs\68333e17b7a44c4d9c9414d3ea417230\input\reference.mp3
22:24:19  auralmind  INFO  [master] audio loaded  sr=48000  dur=214.8s  (2.694s)
22:24:31  auralmind  INFO  [master] match-EQ + FIR convolution (auto)  (8.615s)
22:24:44  auralmind  INFO  [master] stereo enhancements  (5.699s)
22:24:55  auralmind  INFO  [master] microdetail recovery  (11.866s)
22:28:45  auralmind  INFO  [master] transient sculpt  enabled=False  (10.965s)
22:39:48  auralmind  INFO  [master] governor + limiter + write  LUFS=-18.7  TP=-1.00 dBFS  GR=-8.59 dB  (662.855s)
22:39:48  auralmind  INFO  [master] TOTAL runtime=931.51s  out=C:\Users\goku\Documents\SS-hangman-game\backend\data\jobs\68333e17b7a44c4d9c9414d3ea417230\output\mastered.wav
{
  "preset": "cinematic",
  "sr": 48000,
  "target_lufs_requested": -14.5,
  "governor_target_lufs": -16.3,
  "governor_steps": 11,
  "governor_gr_limit_db": -0.8,
  "lufs_pre": -20.459781995033737,
  "lufs_post": -18.65795374206138,
  "true_peak_dbfs": -0.9999991282316669,
  "limiter_mode": "v2",
  "limiter_min_gain_db": -8.585059348767048,
  "limiter_avg_gr_db": -2.1080149630955667,
  "sub_f0_hz": 90.27099609375,
  "mono_sub_cutoff_hz": 110.0,
  "mono_sub_mix": 0.48,
  "microdetail": {
    "enabled": 1.0,
    "corr": 0.8225424447924871,
    "guard": 1.0,
    "eff_amount": 0.16,
    "threshold_db": -36.0,
    "max_boost_db": 2.5,
    "mix": 0.5
  },
  "movement": {
    "enabled": true,
    "amount": 0.1
  },
  "hooklift": {
    "enabled": true,
    "mix": 0.14,
    "air_hz": 7200.0,
    "width_gain": 0.18,
    "air_gain": 0.14,
    "auto": true,
    "auto_percentile": 75.0
  },
  "stems": {
    "enabled": false
  },
  "transient_sculpt": {
    "enabled": false,
    "crest_db": 19.780951807963557,
    "guard": 0.0
  },
  "runtime_sec": 931.5069196224213,
  "out_path": "C:\\Users\\goku\\Documents\\SS-hangman-game\\backend\\data\\jobs\\68333e17b7a44c4d9c9414d3ea417230\\output\\mastered.wav"
}
