2026-02-17 18:46:56,463 INFO auralmind: [master] preset=hi_fi_streaming  target=C:\Users\goku\Documents\SS-hangman-game\backend\data\jobs\caf3d56cf4dd419bbd4cb76796001a40\input\target.wav  reference=C:\Users\goku\Documents\SS-hangman-game\backend\data\jobs\caf3d56cf4dd419bbd4cb76796001a40\input\reference.mp3
2026-02-17 18:46:59,193 INFO auralmind: [master] audio loaded sr=48000 dur=185.0s
Traceback (most recent call last):
  File "C:\Users\goku\Documents\SS-hangman-game\auralmind_match_maestro_v7_3_expert1.py", line 2806, in <module>
    raise SystemExit(main())
                     ~~~~^^
  File "C:\Users\goku\Documents\SS-hangman-game\auralmind_match_maestro_v7_3_expert1.py", line 2779, in main
    result = master(
        target_path=str(args.target),
    ...<9 lines>...
        verify_epsilon_db=float(args.verify_epsilon_db),
    )
  File "C:\Users\goku\Documents\SS-hangman-game\auralmind_match_maestro_v7_3_expert1.py", line 2589, in master
    cand_audio, cand_stats = _render_at(mid)
                             ~~~~~~~~~~^^^^^
  File "C:\Users\goku\Documents\SS-hangman-game\auralmind_match_maestro_v7_3_expert1.py", line 2566, in _render_at
    y_lim, lim_stats = peak_control_chain(y_norm, sr_t, preset)
                       ~~~~~~~~~~~~~~~~~~^^^^^^^^^^^^^^^^^^^^^^
  File "C:\Users\goku\Documents\SS-hangman-game\auralmind_match_maestro_v7_3_expert1.py", line 825, in peak_control_chain
    y2, st = true_peak_limiter_v2(
             ~~~~~~~~~~~~~~~~~~~~^
        y, sr,
        ^^^^^^
    ...<5 lines>...
        stereo_link=float(getattr(preset, "limiter_stereo_link", 0.92)),
        ^^^^^^^^^^^^^^^^^^^^^^^^^^^^^^^^^^^^^^^^^^^^^^^^^^^^^^^^^^^^^^^^
    )
    ^
  File "C:\Users\goku\Documents\SS-hangman-game\auralmind_match_maestro_v7_3_expert1.py", line 774, in true_peak_limiter_v2
    tp_lin = true_peak_estimate(y2, sr, oversample=oversample)
  File "C:\Users\goku\Documents\SS-hangman-game\auralmind_match_maestro_v7_3_expert1.py", line 558, in true_peak_estimate
    y_os = sps.resample_poly(y, up=oversample, down=1, axis=0)
  File "C:\Users\goku\Documents\SS-hangman-game\venv\Lib\site-packages\scipy\signal\_signaltools.py", line 4073, in resample_poly
    y = upfirdn(h, x, up, down, axis=axis, **upfirdn_kwargs)
  File "C:\Users\goku\Documents\SS-hangman-game\venv\Lib\site-packages\scipy\signal\_upfirdn.py", line 219, in upfirdn
    return xp.asarray(ufd.apply_filter(x, axis, mode, cval))
                      ~~~~~~~~~~~~~~~~^^^^^^^^^^^^^^^^^^^^^
  File "C:\Users\goku\Documents\SS-hangman-game\venv\Lib\site-packages\scipy\signal\_upfirdn.py", line 102, in apply_filter
    _apply(np.asarray(x, self._output_type),
    ~~~~~~^^^^^^^^^^^^^^^^^^^^^^^^^^^^^^^^^^
           self._h_trans_flip, out,
           ^^^^^^^^^^^^^^^^^^^^^^^^
           self._up, self._down, axis, mode, cval)
           ^^^^^^^^^^^^^^^^^^^^^^^^^^^^^^^^^^^^^^^
KeyboardInterrupt
