18:27:05  auralmind  INFO  [master] preset=hi_fi_streaming  target=C:\Users\goku\Documents\SS-hangman-game\backend\data\jobs\e5001ffc83d742c182430ca5e811dd9d\input\target.wav  reference=C:\Users\goku\Documents\SS-hangman-game\backend\data\jobs\e5001ffc83d742c182430ca5e811dd9d\input\reference.mp3
18:27:11  auralmind  INFO  [master] audio loaded  sr=48000  dur=217.4s  (5.902s)
18:27:39  auralmind  INFO  [master] match-EQ + FIR convolution (auto)  (24.929s)
18:27:50  auralmind  INFO  [master] stereo enhancements  (5.314s)
18:28:03  auralmind  INFO  [master] microdetail recovery  (12.709s)
18:31:47  auralmind  INFO  [master] transient sculpt  enabled=True  (15.031s)
18:41:05  auralmind  INFO  [master] governor + limiter + write  LUFS=-17.1  TP=-1.00 dBFS  GR=-10.61 dB  (557.572s)
18:41:05  auralmind  INFO  [master] TOTAL runtime=839.90s  out=C:\Users\goku\Documents\SS-hangman-game\backend\data\jobs\e5001ffc83d742c182430ca5e811dd9d\output\mastered.wav
{
  "preset": "hi_fi_streaming",
  "sr": 48000,
  "target_lufs_requested": -11.0,
  "governor_target_lufs": -12.8,
  "governor_steps": 11,
  "governor_gr_limit_db": -1.0,
  "lufs_pre": -18.32863109106995,
  "lufs_post": -17.146271889826558,
  "true_peak_dbfs": -1.000000870903717,
  "limiter_mode": "v2",
  "limiter_min_gain_db": -10.611606870588904,
  "limiter_avg_gr_db": -2.8872386434055324,
  "sub_f0_hz": 87.5244140625,
  "mono_sub_cutoff_hz": 110.0,
  "mono_sub_mix": 0.5,
  "microdetail": {
    "enabled": 1.0,
    "corr": 0.8495743110467532,
    "guard": 1.0,
    "eff_amount": 0.18,
    "threshold_db": -35.0,
    "max_boost_db": 3.0,
    "mix": 0.55
  },
  "movement": {
    "enabled": true,
    "amount": 0.1
  },
  "hooklift": {
    "enabled": true,
    "mix": 0.28,
    "air_hz": 7200.0,
    "width_gain": 0.18,
    "air_gain": 0.14,
    "auto": true,
    "auto_percentile": 75.0
  },
  "stems": {
    "enabled": false
  },
  "transient_sculpt": {
    "enabled": true,
    "boost_db": 0.9293535486270964,
    "mix": 0.32,
    "crest_db": 17.75724049688492,
    "guard": 0.40406676027265065,
    "max_transient_gain_db": 0.9293535351753235
  },
  "runtime_sec": 839.8979301452637,
  "out_path": "C:\\Users\\goku\\Documents\\SS-hangman-game\\backend\\data\\jobs\\e5001ffc83d742c182430ca5e811dd9d\\output\\mastered.wav"
}
