19:09:05  auralmind  INFO  [master] preset=cinematic  target=C:\Users\goku\Documents\SS-hangman-game\backend\data\jobs\f23f2ff9be51405684502787b9b5544e\input\target.wav  reference=C:\Users\goku\Documents\SS-hangman-game\backend\data\jobs\f23f2ff9be51405684502787b9b5544e\input\reference.mp3
19:09:10  auralmind  INFO  [master] audio loaded  sr=48000  dur=188.3s  (4.828s)
19:09:31  auralmind  INFO  [master] match-EQ + FIR convolution (auto)  (18.883s)
19:09:41  auralmind  INFO  [master] stereo enhancements  (4.526s)
19:09:52  auralmind  INFO  [master] microdetail recovery  (10.773s)
19:12:45  auralmind  INFO  [master] transient sculpt  enabled=True  (14.497s)
19:24:46  auralmind  INFO  [master] governor + limiter + write  LUFS=-18.3  TP=-1.00 dBFS  GR=-12.41 dB  (721.501s)
19:24:46  auralmind  INFO  [master] TOTAL runtime=941.01s  out=C:\Users\goku\Documents\SS-hangman-game\backend\data\jobs\f23f2ff9be51405684502787b9b5544e\output\mastered.wav
{
  "preset": "cinematic",
  "sr": 48000,
  "target_lufs_requested": -11.0,
  "governor_target_lufs": -12.8,
  "governor_steps": 11,
  "governor_gr_limit_db": -0.8,
  "lufs_pre": -18.721405442026246,
  "lufs_post": -18.32673226562082,
  "true_peak_dbfs": -0.9999991282316669,
  "limiter_mode": "v2",
  "limiter_min_gain_db": -12.412176653509263,
  "limiter_avg_gr_db": -3.8014045273358037,
  "sub_f0_hz": 92.83447265625,
  "mono_sub_cutoff_hz": 110.0,
  "mono_sub_mix": 0.48,
  "microdetail": {
    "enabled": 1.0,
    "corr": 0.9665607557750937,
    "guard": 1.0,
    "eff_amount": 0.16,
    "threshold_db": -36.0,
    "max_boost_db": 2.5,
    "mix": 0.5
  },
  "movement": {
    "enabled": true,
    "amount": 0.1
  },
  "hooklift": {
    "enabled": true,
    "mix": 0.28,
    "air_hz": 7200.0,
    "width_gain": 0.18,
    "air_gain": 0.14,
    "auto": true,
    "auto_percentile": 75.0
  },
  "stems": {
    "enabled": false
  },
  "transient_sculpt": {
    "enabled": true,
    "boost_db": 0.841372365254989,
    "mix": 0.26,
    "crest_db": 17.861774933582424,
    "guard": 0.36581407184999526,
    "max_transient_gain_db": 0.8413723707199097
  },
  "runtime_sec": 941.0141813755035,
  "out_path": "C:\\Users\\goku\\Documents\\SS-hangman-game\\backend\\data\\jobs\\f23f2ff9be51405684502787b9b5544e\\output\\mastered.wav"
}
