05:32:29  auralmind  INFO  [master] preset=cinematic  target=C:\Users\goku\Documents\SS-hangman-game\backend\data\jobs\e7488e068e124bee94f101ef29ad3386\input\target.wav  reference=C:\Users\goku\Documents\SS-hangman-game\backend\data\jobs\e7488e068e124bee94f101ef29ad3386\input\reference.mp3
05:32:34  auralmind  INFO  [master] audio loaded  sr=48000  dur=159.6s  (4.709s)
05:32:42  auralmind  INFO  [master] match-EQ + FIR convolution (auto)  (5.166s)
05:33:58  auralmind  INFO  [master] stereo enhancements  (6.101s)
05:34:16  auralmind  INFO  [master] microdetail recovery  (18.438s)
05:37:24  auralmind  INFO  [master] transient sculpt  enabled=False  (7.665s)
05:44:13  auralmind  INFO  [master] governor + limiter + write  LUFS=-20.5  TP=-1.00 dBFS  GR=-15.83 dB  (408.617s)
05:44:13  auralmind  INFO  [master] TOTAL runtime=704.06s  out=C:\Users\goku\Documents\SS-hangman-game\backend\data\jobs\e7488e068e124bee94f101ef29ad3386\output\mastered.wav
{
  "preset": "cinematic",
  "sr": 48000,
  "target_lufs_requested": -11.0,
  "governor_target_lufs": -12.8,
  "governor_steps": 11,
  "governor_gr_limit_db": -0.8,
  "lufs_pre": -20.928954382376183,
  "lufs_post": -20.47081836792916,
  "true_peak_dbfs": -1.0000014517944777,
  "limiter_mode": "v2",
  "limiter_min_gain_db": -15.825177935690284,
  "limiter_avg_gr_db": -5.204697555421269,
  "softclip_mix_effective": 0.08639999999999999,
  "sub_f0_hz": 109.68017578125,
  "mono_sub_cutoff_hz": 110.0,
  "mono_sub_mix": 0.48,
  "microdetail": {
    "enabled": 1.0,
    "corr": 0.9694686547312267,
    "guard": 1.0,
    "eff_amount": 0.16,
    "threshold_db": -36.0,
    "max_boost_db": 2.5,
    "mix": 0.5
  },
  "movement": {
    "enabled": true,
    "amount": 0.1
  },
  "hooklift": {
    "enabled": true,
    "mix": 0.23,
    "air_hz": 7200.0,
    "width_gain": 0.18,
    "air_gain": 0.14,
    "auto": true,
    "auto_percentile": 75.0
  },
  "stems": {
    "enabled": false
  },
  "transient_sculpt": {
    "enabled": false,
    "crest_db": 20.020792509649254,
    "guard": 0.0
  },
  "runtime_sec": 704.0631444454193,
  "out_path": "C:\\Users\\goku\\Documents\\SS-hangman-game\\backend\\data\\jobs\\e7488e068e124bee94f101ef29ad3386\\output\\mastered.wav"
}
