00:22:14  auralmind  INFO  [master] preset=club  target=C:\Users\goku\Documents\SS-hangman-game\backend\data\jobs\293b638555f1413cba88e17925d72d3a\input\target.wav  reference=C:\Users\goku\Documents\SS-hangman-game\backend\data\jobs\293b638555f1413cba88e17925d72d3a\input\reference.mp3
00:22:17  auralmind  INFO  [master] audio loaded  sr=48000  dur=142.5s  (2.452s)
00:26:35  auralmind  INFO  [master] match-EQ + FIR convolution (auto)  (5.783s)
00:26:42  auralmind  INFO  [master] stereo enhancements  (3.352s)
00:26:49  auralmind  INFO  [master] microdetail recovery  (7.139s)
00:28:08  auralmind  INFO  [master] transient sculpt  enabled=True  (9.635s)
00:32:18  auralmind  INFO  [master] governor + limiter + write  LUFS=-15.7  TP=-1.00 dBFS  GR=-9.29 dB  (249.914s)
00:32:18  auralmind  INFO  [master] TOTAL runtime=603.68s  out=C:\Users\goku\Documents\SS-hangman-game\backend\data\jobs\293b638555f1413cba88e17925d72d3a\output\mastered.wav
{
  "preset": "club",
  "sr": 48000,
  "target_lufs_requested": -10.4,
  "governor_target_lufs": -12.2,
  "governor_steps": 11,
  "governor_gr_limit_db": -1.6,
  "lufs_pre": -17.587341453923475,
  "lufs_post": -15.660342253669747,
  "true_peak_dbfs": -0.9999997091223114,
  "limiter_mode": "v2",
  "limiter_min_gain_db": -9.288536307066515,
  "limiter_avg_gr_db": -2.5183589929293797,
  "sub_f0_hz": 101.806640625,
  "mono_sub_cutoff_hz": 110.0,
  "mono_sub_mix": 0.55,
  "microdetail": {
    "enabled": 1.0,
    "corr": 0.9201229929218432,
    "guard": 1.0,
    "eff_amount": 0.22,
    "threshold_db": -34.0,
    "max_boost_db": 3.5,
    "mix": 0.65
  },
  "movement": {
    "enabled": true,
    "amount": 0.1
  },
  "hooklift": {
    "enabled": true,
    "mix": 0.22,
    "air_hz": 7200.0,
    "width_gain": 0.18,
    "air_gain": 0.14,
    "auto": true,
    "auto_percentile": 75.0
  },
  "stems": {
    "enabled": true,
    "model_name": "htdemucs",
    "device": "cpu",
    "split": true,
    "overlap": 0.25,
    "shifts": 1,
    "model_sr": 48000,
    "sr": 48000,
    "sources": [
      "drums",
      "bass",
      "other",
      "vocals"
    ]
  },
  "transient_sculpt": {
    "enabled": true,
    "boost_db": 2.3571282823575315,
    "mix": 0.38,
    "crest_db": 15.817155257123435,
    "guard": 0.9821367843156381,
    "max_transient_gain_db": 2.357128381729126
  },
  "runtime_sec": 603.6829226016998,
  "out_path": "C:\\Users\\goku\\Documents\\SS-hangman-game\\backend\\data\\jobs\\293b638555f1413cba88e17925d72d3a\\output\\mastered.wav"
}
