2026-02-17 19:36:28,628 INFO auralmind: [master] preset=hi_fi_streaming  target=C:\Users\goku\Documents\SS-hangman-game\backend\data\jobs\80c037e5fb8442af85f525e020333ee3\input\target.wav  reference=C:\Users\goku\Documents\SS-hangman-game\backend\data\jobs\80c037e5fb8442af85f525e020333ee3\input\reference.mp3
2026-02-17 19:36:31,502 INFO auralmind: [master] audio loaded sr=48000 dur=245.1s
Traceback (most recent call last):
  File "C:\Users\goku\Documents\SS-hangman-game\auralmind_match_maestro_v7_3_expert1.py", line 2806, in <module>
  File "C:\Users\goku\Documents\SS-hangman-game\auralmind_match_maestro_v7_3_expert1.py", line 2779, in main
  File "C:\Users\goku\Documents\SS-hangman-game\auralmind_match_maestro_v7_3_expert1.py", line 2416, in master
  File "C:\Users\goku\Documents\SS-hangman-game\auralmind_match_maestro_v7_3_expert1.py", line 2018, in demucs_separate_stems
  File "C:\Users\goku\Documents\SS-hangman-game\venv\Lib\site-packages\demucs\apply.py", line 189, in apply_model
    out = apply_model(sub_model, mix, **kwargs)
  File "C:\Users\goku\Documents\SS-hangman-game\venv\Lib\site-packages\demucs\apply.py", line 216, in apply_model
    shifted_out = apply_model(model, shifted, **kwargs)
  File "C:\Users\goku\Documents\SS-hangman-game\venv\Lib\site-packages\demucs\apply.py", line 250, in apply_model
    chunk_out = future.result()
  File "C:\Users\goku\Documents\SS-hangman-game\venv\Lib\site-packages\demucs\utils.py", line 129, in result
    return self.func(*self.args, **self.kwargs)
           ~~~~~~~~~^^^^^^^^^^^^^^^^^^^^^^^^^^^
  File "C:\Users\goku\Documents\SS-hangman-game\venv\Lib\site-packages\demucs\apply.py", line 271, in apply_model
    out = model(padded_mix)
  File "C:\Users\goku\Documents\SS-hangman-game\venv\Lib\site-packages\torch\nn\modules\module.py", line 1776, in _wrapped_call_impl
    return self._call_impl(*args, **kwargs)
           ~~~~~~~~~~~~~~~^^^^^^^^^^^^^^^^^
  File "C:\Users\goku\Documents\SS-hangman-game\venv\Lib\site-packages\torch\nn\modules\module.py", line 1787, in _call_impl
    return forward_call(*args, **kwargs)
  File "C:\Users\goku\Documents\SS-hangman-game\venv\Lib\site-packages\demucs\htdemucs.py", line 576, in forward
    x = encode(x, inject)
  File "C:\Users\goku\Documents\SS-hangman-game\venv\Lib\site-packages\torch\nn\modules\module.py", line 1776, in _wrapped_call_impl
    return self._call_impl(*args, **kwargs)
           ~~~~~~~~~~~~~~~^^^^^^^^^^^^^^^^^
  File "C:\Users\goku\Documents\SS-hangman-game\venv\Lib\site-packages\torch\nn\modules\module.py", line 1787, in _call_impl
    return forward_call(*args, **kwargs)
  File "C:\Users\goku\Documents\SS-hangman-game\venv\Lib\site-packages\demucs\hdemucs.py", line 149, in forward
    y = self.dconv(y)
  File "C:\Users\goku\Documents\SS-hangman-game\venv\Lib\site-packages\torch\nn\modules\module.py", line 1776, in _wrapped_call_impl
    return self._call_impl(*args, **kwargs)
           ~~~~~~~~~~~~~~~^^^^^^^^^^^^^^^^^
  File "C:\Users\goku\Documents\SS-hangman-game\venv\Lib\site-packages\torch\nn\modules\module.py", line 1787, in _call_impl
    return forward_call(*args, **kwargs)
  File "C:\Users\goku\Documents\SS-hangman-game\venv\Lib\site-packages\demucs\demucs.py", line 153, in forward
    x = x + layer(x)
            ~~~~~^^^
  File "C:\Users\goku\Documents\SS-hangman-game\venv\Lib\site-packages\torch\nn\modules\module.py", line 1776, in _wrapped_call_impl
    return self._call_impl(*args, **kwargs)
           ~~~~~~~~~~~~~~~^^^^^^^^^^^^^^^^^
  File "C:\Users\goku\Documents\SS-hangman-game\venv\Lib\site-packages\torch\nn\modules\module.py", line 1787, in _call_impl
    return forward_call(*args, **kwargs)
  File "C:\Users\goku\Documents\SS-hangman-game\venv\Lib\site-packages\torch\nn\modules\container.py", line 253, in forward
    input = module(input)
  File "C:\Users\goku\Documents\SS-hangman-game\venv\Lib\site-packages\torch\nn\modules\module.py", line 1776, in _wrapped_call_impl
    return self._call_impl(*args, **kwargs)
           ~~~~~~~~~~~~~~~^^^^^^^^^^^^^^^^^
  File "C:\Users\goku\Documents\SS-hangman-game\venv\Lib\site-packages\torch\nn\modules\module.py", line 1787, in _call_impl
    return forward_call(*args, **kwargs)
  File "C:\Users\goku\Documents\SS-hangman-game\venv\Lib\site-packages\torch\nn\modules\normalization.py", line 327, in forward
    return F.group_norm(input, self.num_groups, self.weight, self.bias, self.eps)
           ~~~~~~~~~~~~^^^^^^^^^^^^^^^^^^^^^^^^^^^^^^^^^^^^^^^^^^^^^^^^^^^^^^^^^^
  File "C:\Users\goku\Documents\SS-hangman-game\venv\Lib\site-packages\torch\nn\functional.py", line 2990, in group_norm
    return torch.group_norm(
           ~~~~~~~~~~~~~~~~^
        input, num_groups, weight, bias, eps, torch.backends.cudnn.enabled
        ^^^^^^^^^^^^^^^^^^^^^^^^^^^^^^^^^^^^^^^^^^^^^^^^^^^^^^^^^^^^^^^^^^
    )
    ^
KeyboardInterrupt
