23:16:36  auralmind  INFO  [master] preset=club  target=C:\Users\goku\Documents\SS-hangman-game\backend\data\jobs\035bbb90ecb64320b98a2d8acc9ba148\input\target.wav  reference=C:\Users\goku\Documents\SS-hangman-game\backend\data\jobs\035bbb90ecb64320b98a2d8acc9ba148\input\reference.mp3
23:16:39  auralmind  INFO  [master] audio loaded  sr=48000  dur=187.6s  (2.246s)
23:21:13  auralmind  INFO  [master] match-EQ + FIR convolution (auto)  (5.838s)
23:21:22  auralmind  INFO  [master] stereo enhancements  (3.737s)
23:21:30  auralmind  INFO  [master] microdetail recovery  (8.146s)
23:23:39  auralmind  INFO  [master] transient sculpt  enabled=True  (11.389s)
23:28:25  auralmind  INFO  [master] governor + limiter + write  LUFS=-15.2  TP=-1.00 dBFS  GR=-7.86 dB  (286.198s)
23:28:25  auralmind  INFO  [master] TOTAL runtime=708.86s  out=C:\Users\goku\Documents\SS-hangman-game\backend\data\jobs\035bbb90ecb64320b98a2d8acc9ba148\output\mastered.wav
{
  "preset": "club",
  "sr": 48000,
  "target_lufs_requested": -10.4,
  "governor_target_lufs": -12.2,
  "governor_steps": 11,
  "governor_gr_limit_db": -1.6,
  "lufs_pre": -14.64363335746725,
  "lufs_post": -15.182616355279436,
  "true_peak_dbfs": -1.000000870903717,
  "limiter_mode": "v2",
  "limiter_min_gain_db": -7.86401089674,
  "limiter_avg_gr_db": -2.777963521921569,
  "sub_f0_hz": 59.87548828125,
  "mono_sub_cutoff_hz": 110.0,
  "mono_sub_mix": 0.69,
  "microdetail": {
    "enabled": 1.0,
    "corr": 0.6424425824392255,
    "guard": 1.0,
    "eff_amount": 0.22,
    "threshold_db": -34.0,
    "max_boost_db": 3.5,
    "mix": 0.65
  },
  "movement": {
    "enabled": true,
    "amount": 0.1
  },
  "hooklift": {
    "enabled": true,
    "mix": 0.22,
    "air_hz": 7200.0,
    "width_gain": 0.18,
    "air_gain": 0.14,
    "auto": true,
    "auto_percentile": 75.0
  },
  "stems": {
    "enabled": true,
    "model_name": "htdemucs",
    "device": "cpu",
    "split": true,
    "overlap": 0.25,
    "shifts": 1,
    "model_sr": 48000,
    "sr": 48000,
    "sources": [
      "drums",
      "bass",
      "other",
      "vocals"
    ]
  },
  "transient_sculpt": {
    "enabled": true,
    "boost_db": 2.173004538797942,
    "mix": 0.38,
    "crest_db": 16.259997583568747,
    "guard": 0.9054185578324758,
    "max_transient_gain_db": 2.173004627227783
  },
  "runtime_sec": 708.8644642829895,
  "out_path": "C:\\Users\\goku\\Documents\\SS-hangman-game\\backend\\data\\jobs\\035bbb90ecb64320b98a2d8acc9ba148\\output\\mastered.wav"
}
